<?xml version="1.0" encoding="UTF-8"?>
<!-- Generated by org.testng.reporters.JUnitXMLReporter -->
<testsuite ignored="0" hostname="DESKTOP-U8UT6SL" failures="0" tests="3" name="Default test" time="64.708" errors="0" timestamp="05 Sep 2022 07:16:21 GMT">
  <testcase classname="org.rahulAppium.testCase.TC_01_Ecommerce" name="formFill" time="10.959"/>
  <testcase classname="org.rahulAppium.testCase.TC_01_Ecommerce" name="formFill" time="8.752"/>
  <testcase classname="org.rahulAppium.testCase.TC_01_Ecommerce" name="productPage" time="3.404"/>
</testsuite> <!-- Default test -->
