<?xml version="1.0" encoding="UTF-8"?>
<!-- Generated by org.testng.reporters.JUnitXMLReporter -->
<testsuite ignored="3" hostname="DESKTOP-U8UT6SL" failures="0" tests="2" name="Test1234" time="34.449" errors="0" timestamp="05 Sep 2022 14:55:11 GMT">
  <testcase classname="org.rahulAppium.testCase.TC_01_Ecommerce" name="formFill" time="9.353"/>
  <testcase classname="org.rahulAppium.testCase.TC_01_Ecommerce" name="formFill" time="9.384"/>
  <testcase classname="org.rahulAppium.testCase.TC02_Ecommerce" name="formPage_positiveTestcase" time="0.0">
    <ignored/>
  </testcase> <!-- formPage_positiveTestcase -->
  <testcase classname="org.rahulAppium.testCase.TC02_Ecommerce" name="formPage_negativeTestcase" time="0.0">
    <ignored/>
  </testcase> <!-- formPage_negativeTestcase -->
  <testcase classname="org.rahulAppium.testCase.TC_01_Ecommerce" name="productPage" time="0.0">
    <ignored/>
  </testcase> <!-- productPage -->
</testsuite> <!-- Test1234 -->
