<?xml version="1.0" encoding="UTF-8"?>
<testsuite xmlns:xsi="http://www.w3.org/2001/XMLSchema-instance" xsi:noNamespaceSchemaLocation="https://maven.apache.org/surefire/maven-surefire-plugin/xsd/surefire-test-report-3.0.xsd" version="3.0" name="TestSuite" time="36.464" tests="2" errors="0" skipped="0" failures="0">
  <properties>
[...]
</properties>
  <testcase name="formFill[{name=raushan, country=Argentina, gender=male}](1)" classname="org.rahulAppium.testCase.TC_01_Ecommerce" time="9.37">
    <system-out><![CDATA[[TestNGContentHandler] [WARN] It is strongly recommended to add "<!DOCTYPE suite SYSTEM "http://testng.org/testng-1.0.dtd" >" at the top of your file, otherwise TestNG may fail or not work as expected.
&amp#27;[35m[Appium]&amp#27;[39m Welcome to Appium v2.0.0-beta.43
&amp#27;[35m[Appium]&amp#27;[39m Attempting to load driver uiautomator2...
[debug] &amp#27;[35m[Appium]&amp#27;[39m Requiring driver at C:\Users\Rahul\.appium\node_modules\appium-uiautomator2-driver
&amp#27;[35m[Appium]&amp#27;[39m Appium REST http interface listener started on 0.0.0.0:4723
&amp#27;[35m[Appium]&amp#27;[39m Available drivers:
&amp#27;[35m[Appium]&amp#27;[39m   - uiautomator2@2.4.7 (automationName 'UiAutomator2')
&amp#27;[35m[Appium]&amp#27;[39m No plugins have been installed. Use the "appium plugin" command to install the one(s) you want to use.
&amp#27;[35m[HTTP]&amp#27;[39m &amp#27;[37m-->&amp#27;[39m &amp#27;[37mGET&amp#27;[39m &amp#27;[37m/status&amp#27;[39m
&amp#27;[35m[HTTP]&amp#27;[39m &amp#27;[90m{}&amp#27;[39m
[debug] &amp#27;[35m[AppiumDriver@3019]&amp#27;[39m Calling AppiumDriver.getStatus() with args: []
[debug] &amp#27;[35m[AppiumDriver@3019]&amp#27;[39m Responding to client with driver.getStatus() result: {"build":{"version":"2.0.0-beta.43"}}
&amp#27;[35m[HTTP]&amp#27;[39m &amp#27;[37m<-- GET /status &amp#27;[39m&amp#27;[32m200&amp#27;[39m &amp#27;[90m7 ms - 47&amp#27;[39m
&amp#27;[35m[HTTP]&amp#27;[39m &amp#27;[90m&amp#27;[39m
[debug] &amp#27;[35m[HTTP]&amp#27;[39m Request idempotency key: b0c607be-250d-4ad7-aa56-67d883b1f0d2
&amp#27;[35m[HTTP]&amp#27;[39m &amp#27;[37m-->&amp#27;[39m &amp#27;[37mPOST&amp#27;[39m &amp#27;[37m/session&amp#27;[39m
&amp#27;[35m[HTTP]&amp#27;[39m &amp#27;[90m{"capabilities":{"firstMatch":[{}],"alwaysMatch":{"appium:app":"C:\\Users\\Rahul\\eclipse-workspace\\AppiumFramework\\src\\main\\java\\org\\rahul\\resources\\General-Store.apk","appium:automationName":"UIAutomator2","appium:deviceName":"Rahulemulator2","platformName":"android"}}}&amp#27;[39m
[debug] &amp#27;[35m[AppiumDriver@3019]&amp#27;[39m Calling AppiumDriver.createSession() with args: [null,null,{"firstMatch":[{}],"alwaysMatch":{"appium:app":"C:\\Users\\Rahul\\eclipse-workspace\\AppiumFramework\\src\\main\\java\\org\\rahul\\resources\\General-Store.apk","appium:automationName":"UIAutomator2","appium:deviceName":"Rahulemulator2","platformName":"android"}}]
[debug] &amp#27;[35m[AppiumDriver@3019]&amp#27;[39m Event 'newSessionRequested' logged at 1662389684726 (20:24:44 GMT+0530 (India Standard Time))
&amp#27;[35m[Appium]&amp#27;[39m Attempting to find matching driver for automationName 'UIAutomator2' and platformName 'android'
&amp#27;[35m[Appium]&amp#27;[39m The 'uiautomator2' driver was installed and matched caps.
&amp#27;[35m[Appium]&amp#27;[39m Will require it at C:\Users\Rahul\.appium\node_modules\appium-uiautomator2-driver
[debug] &amp#27;[35m[Appium]&amp#27;[39m Requiring driver at C:\Users\Rahul\.appium\node_modules\appium-uiautomator2-driver
&amp#27;[35m[AppiumDriver@3019]&amp#27;[39m Appium v2.0.0-beta.43 creating new AndroidUiautomator2Driver (v2.4.7) session
&amp#27;[35m[AppiumDriver@3019]&amp#27;[39m Checking BaseDriver versions for Appium and AndroidUiautomator2Driver
&amp#27;[35m[AppiumDriver@3019]&amp#27;[39m Appium's BaseDriver version is 8.7.0
&amp#27;[35m[AppiumDriver@3019]&amp#27;[39m AndroidUiautomator2Driver's BaseDriver version is 8.7.0
[debug] &amp#27;[35m[AndroidUiautomator2Driver@92b6]&amp#27;[39m Creating session with W3C capabilities: {
[debug] &amp#27;[35m[AndroidUiautomator2Driver@92b6]&amp#27;[39m   "alwaysMatch": {
[debug] &amp#27;[35m[AndroidUiautomator2Driver@92b6]&amp#27;[39m     "platformName": "android",
[debug] &amp#27;[35m[AndroidUiautomator2Driver@92b6]&amp#27;[39m     "appium:app": "C:\\Users\\Rahul\\eclipse-workspace\\AppiumFramework\\src\\main\\java\\org\\rahul\\resources\\General-Store.apk",
[debug] &amp#27;[35m[AndroidUiautomator2Driver@92b6]&amp#27;[39m     "appium:automationName": "UIAutomator2",
[debug] &amp#27;[35m[AndroidUiautomator2Driver@92b6]&amp#27;[39m     "appium:deviceName": "Rahulemulator2"
[debug] &amp#27;[35m[AndroidUiautomator2Driver@92b6]&amp#27;[39m   },
[debug] &amp#27;[35m[AndroidUiautomator2Driver@92b6]&amp#27;[39m   "firstMatch": [
[debug] &amp#27;[35m[AndroidUiautomator2Driver@92b6]&amp#27;[39m     {}
[debug] &amp#27;[35m[AndroidUiautomator2Driver@92b6]&amp#27;[39m   ]
[debug] &amp#27;[35m[AndroidUiautomator2Driver@92b6]&amp#27;[39m }
&amp#27;[35m[AndroidUiautomator2Driver@92b6 (a7325a4a)]&amp#27;[39m Session created with session id: a7325a4a-9bc6-4008-ba53-93bda555d60b
&amp#27;[35m[BaseDriver]&amp#27;[39m Using local app 'C:\Users\Rahul\eclipse-workspace\AppiumFramework\src\main\java\org\rahul\resources\General-Store.apk'
[debug] &amp#27;[35m[AndroidUiautomator2Driver@92b6 (a7325a4a)]&amp#27;[39m Checking whether app is actually present
&amp#27;[35m[ADB]&amp#27;[39m Found 2 'build-tools' folders under 'C:\Users\Rahul\AppData\Local\Android\Sdk' (newest first):
&amp#27;[35m[ADB]&amp#27;[39m     C:/Users/Rahul/AppData/Local/Android/Sdk/build-tools/33.0.0
&amp#27;[35m[ADB]&amp#27;[39m     C:/Users/Rahul/AppData/Local/Android/Sdk/build-tools/30.0.3
&amp#27;[35m[ADB]&amp#27;[39m Using 'adb.exe' from 'C:\Users\Rahul\AppData\Local\Android\Sdk\platform-tools\adb.exe'
[debug] &amp#27;[35m[ADB]&amp#27;[39m Running 'C:\Users\Rahul\AppData\Local\Android\Sdk\platform-tools\adb.exe -P 5037 start-server'
&amp#27;[35m[AndroidDriver]&amp#27;[39m Retrieving device list
[debug] &amp#27;[35m[ADB]&amp#27;[39m Trying to find a connected android device
[debug] &amp#27;[35m[ADB]&amp#27;[39m Getting connected devices
[debug] &amp#27;[35m[ADB]&amp#27;[39m Connected devices: [{"udid":"emulator-5554","state":"device"}]
&amp#27;[35m[AndroidDriver]&amp#27;[39m Using device: emulator-5554
&amp#27;[35m[ADB]&amp#27;[39m Using 'adb.exe' from 'C:\Users\Rahul\AppData\Local\Android\Sdk\platform-tools\adb.exe'
[debug] &amp#27;[35m[ADB]&amp#27;[39m Running 'C:\Users\Rahul\AppData\Local\Android\Sdk\platform-tools\adb.exe -P 5037 start-server'
[debug] &amp#27;[35m[ADB]&amp#27;[39m Setting device id to emulator-5554
[debug] &amp#27;[35m[ADB]&amp#27;[39m Running 'C:\Users\Rahul\AppData\Local\Android\Sdk\platform-tools\adb.exe -P 5037 -s emulator-5554 shell getprop ro.build.version.sdk'
[debug] &amp#27;[35m[ADB]&amp#27;[39m Current device property 'ro.build.version.sdk': 30
&amp#27;[35m[ADB]&amp#27;[39m Getting device platform version
[debug] &amp#27;[35m[ADB]&amp#27;[39m Running 'C:\Users\Rahul\AppData\Local\Android\Sdk\platform-tools\adb.exe -P 5037 -s emulator-5554 shell getprop ro.build.version.release'
[debug] &amp#27;[35m[ADB]&amp#27;[39m Current device property 'ro.build.version.release': 11
[debug] &amp#27;[35m[ADB]&amp#27;[39m Device API level: 30
&amp#27;[35m[AndroidUiautomator2Driver@92b6 (a7325a4a)]&amp#27;[39m Relaxing hidden api policy
[debug] &amp#27;[35m[ADB]&amp#27;[39m Running 'C:\Users\Rahul\AppData\Local\Android\Sdk\platform-tools\adb.exe -P 5037 -s emulator-5554 shell 'settings put global hidden_api_policy_pre_p_apps 1;settings put global hidden_api_policy_p_apps 1;settings put global hidden_api_policy 1''
[debug] &amp#27;[35m[AndroidDriver]&amp#27;[39m Parsing package and activity from app manifest
&amp#27;[35m[ADB]&amp#27;[39m Package name: 'com.androidsample.generalstore'
&amp#27;[35m[ADB]&amp#27;[39m Main activity name: 'com.androidsample.generalstore.SplashActivity'
[debug] &amp#27;[35m[AndroidDriver]&amp#27;[39m Parsed package and activity are: com.androidsample.generalstore/com.androidsample.generalstore.SplashActivity
[debug] &amp#27;[35m[ADB]&amp#27;[39m Running 'C:\Users\Rahul\AppData\Local\Android\Sdk\platform-tools\adb.exe -P 5037 -s emulator-5554 wait-for-device'
[debug] &amp#27;[35m[ADB]&amp#27;[39m Running 'C:\Users\Rahul\AppData\Local\Android\Sdk\platform-tools\adb.exe -P 5037 -s emulator-5554 shell echo ping'
[debug] &amp#27;[35m[AndroidDriver]&amp#27;[39m Pushing settings apk to device...
[debug] &amp#27;[35m[ADB]&amp#27;[39m Getting install status for io.appium.settings
[debug] &amp#27;[35m[ADB]&amp#27;[39m Running 'C:\Users\Rahul\AppData\Local\Android\Sdk\platform-tools\adb.exe -P 5037 -s emulator-5554 shell dumpsys package io.appium.settings'
[debug] &amp#27;[35m[ADB]&amp#27;[39m 'io.appium.settings' is installed
[debug] &amp#27;[35m[ADB]&amp#27;[39m Getting package info for 'io.appium.settings'
[debug] &amp#27;[35m[ADB]&amp#27;[39m Running 'C:\Users\Rahul\AppData\Local\Android\Sdk\platform-tools\adb.exe -P 5037 -s emulator-5554 shell dumpsys package io.appium.settings'
[debug] &amp#27;[35m[ADB]&amp#27;[39m The version name of the installed 'io.appium.settings' is greater or equal to the application version name ('4.1.2' >= '4.1.2')
[debug] &amp#27;[35m[ADB]&amp#27;[39m There is no need to install/upgrade 'C:\Users\Rahul\.appium\node_modules\appium-uiautomator2-driver\node_modules\io.appium.settings\apks\settings_apk-debug.apk'
[debug] &amp#27;[35m[ADB]&amp#27;[39m Getting IDs of all 'io.appium.settings' processes
[debug] &amp#27;[35m[ADB]&amp#27;[39m Running 'C:\Users\Rahul\AppData\Local\Android\Sdk\platform-tools\adb.exe -P 5037 -s emulator-5554 shell 'pgrep --help; echo $?''
[debug] &amp#27;[35m[ADB]&amp#27;[39m Running 'C:\Users\Rahul\AppData\Local\Android\Sdk\platform-tools\adb.exe -P 5037 -s emulator-5554 shell pgrep -f \(\[\[:blank:\]\]\|\^\)io\.appium\.settings\(\[\[:blank:\]\]\|\$\)'
[debug] &amp#27;[35m[AndroidDriver]&amp#27;[39m io.appium.settings is already running. There is no need to reset its permissions.
[debug] &amp#27;[35m[Logcat]&amp#27;[39m Starting logs capture with command: C:\\Users\\Rahul\\AppData\\Local\\Android\\Sdk\\platform-tools\\adb.exe -P 5037 -s emulator-5554 logcat -v threadtime
[debug] &amp#27;[35m[AndroidUiautomator2Driver@92b6 (a7325a4a)]&amp#27;[39m Forwarding UiAutomator2 Server port 6790 to local port 8211
[debug] &amp#27;[35m[ADB]&amp#27;[39m Forwarding system: 8211 to device: 6790
[debug] &amp#27;[35m[ADB]&amp#27;[39m Running 'C:\Users\Rahul\AppData\Local\Android\Sdk\platform-tools\adb.exe -P 5037 -s emulator-5554 forward tcp:8211 tcp:6790'
[debug] &amp#27;[35m[ADB]&amp#27;[39m Getting install status for io.appium.uiautomator2.server
[debug] &amp#27;[35m[ADB]&amp#27;[39m Running 'C:\Users\Rahul\AppData\Local\Android\Sdk\platform-tools\adb.exe -P 5037 -s emulator-5554 shell dumpsys package io.appium.uiautomator2.server'
[debug] &amp#27;[35m[ADB]&amp#27;[39m 'io.appium.uiautomator2.server' is installed
[debug] &amp#27;[35m[ADB]&amp#27;[39m Getting package info for 'io.appium.uiautomator2.server'
[debug] &amp#27;[35m[ADB]&amp#27;[39m Running 'C:\Users\Rahul\AppData\Local\Android\Sdk\platform-tools\adb.exe -P 5037 -s emulator-5554 shell dumpsys package io.appium.uiautomator2.server'
[debug] &amp#27;[35m[ADB]&amp#27;[39m The version name of the installed 'io.appium.uiautomator2.server' is greater or equal to the application version name ('5.6.2' >= '5.6.2')
[debug] &amp#27;[35m[AndroidUiautomator2Driver@92b6 (a7325a4a)]&amp#27;[39m io.appium.uiautomator2.server installation state: sameVersionInstalled
[debug] &amp#27;[35m[ADB]&amp#27;[39m Checking app cert for C:\Users\Rahul\.appium\node_modules\appium-uiautomator2-driver\node_modules\appium-uiautomator2-server\apks\appium-uiautomator2-server-v5.6.2.apk
&amp#27;[35m[ADB]&amp#27;[39m Using 'apksigner.jar' from 'C:\Users\Rahul\AppData\Local\Android\Sdk\build-tools\33.0.0\lib\apksigner.jar'
[debug] &amp#27;[35m[ADB]&amp#27;[39m Starting apksigner: 'C:\\Program Files\\Java\\jdk-11.0.15\\bin\\java.exe' -Xmx1024M -Xss1m -jar C:\\Users\\Rahul\\AppData\\Local\\Android\\Sdk\\build-tools\\33.0.0\\lib\\apksigner.jar verify --print-certs C:\\Users\\Rahul\\.appium\\node_modules\\appium-uiautomator2-driver\\node_modules\\appium-uiautomator2-server\\apks\\appium-uiautomator2-server-v5.6.2.apk
[debug] &amp#27;[35m[ADB]&amp#27;[39m apksigner stdout: Signer #1 certificate DN: EMAILADDRESS=android@android.com, CN=Android, OU=Android, O=Android, L=Mountain View, ST=California, C=US
[debug] &amp#27;[35m[ADB]&amp#27;[39m Signer #1 certificate SHA-256 digest: a40da80a59d170caa950cf15c18c454d47a39b26989d8b640ecd745ba71bf5dc
[debug] &amp#27;[35m[ADB]&amp#27;[39m Signer #1 certificate SHA-1 digest: 61ed377e85d386a8dfee6b864bd85b0bfaa5af81
[debug] &amp#27;[35m[ADB]&amp#27;[39m Signer #1 certificate MD5 digest: e89b158e4bcf988ebd09eb83f5378e87
[debug] &amp#27;[35m[ADB]&amp#27;[39m 
[debug] &amp#27;[35m[ADB]&amp#27;[39m sha256 hash did match for 'appium-uiautomator2-server-v5.6.2.apk'
&amp#27;[35m[ADB]&amp#27;[39m 'C:\Users\Rahul\.appium\node_modules\appium-uiautomator2-driver\node_modules\appium-uiautomator2-server\apks\appium-uiautomator2-server-v5.6.2.apk' is signed with the default certificate
[debug] &amp#27;[35m[ADB]&amp#27;[39m Getting install status for io.appium.uiautomator2.server.test
[debug] &amp#27;[35m[ADB]&amp#27;[39m Running 'C:\Users\Rahul\AppData\Local\Android\Sdk\platform-tools\adb.exe -P 5037 -s emulator-5554 shell dumpsys package io.appium.uiautomator2.server.test'
[debug] &amp#27;[35m[ADB]&amp#27;[39m 'io.appium.uiautomator2.server.test' is installed
[debug] &amp#27;[35m[ADB]&amp#27;[39m Checking app cert for C:\Users\Rahul\.appium\node_modules\appium-uiautomator2-driver\node_modules\appium-uiautomator2-server\apks\appium-uiautomator2-server-debug-androidTest.apk
[debug] &amp#27;[35m[ADB]&amp#27;[39m Starting apksigner: 'C:\\Program Files\\Java\\jdk-11.0.15\\bin\\java.exe' -Xmx1024M -Xss1m -jar C:\\Users\\Rahul\\AppData\\Local\\Android\\Sdk\\build-tools\\33.0.0\\lib\\apksigner.jar verify --print-certs C:\\Users\\Rahul\\.appium\\node_modules\\appium-uiautomator2-driver\\node_modules\\appium-uiautomator2-server\\apks\\appium-uiautomator2-server-debug-androidTest.apk
[debug] &amp#27;[35m[ADB]&amp#27;[39m apksigner stdout: Signer #1 certificate DN: EMAILADDRESS=android@android.com, CN=Android, OU=Android, O=Android, L=Mountain View, ST=California, C=US
[debug] &amp#27;[35m[ADB]&amp#27;[39m Signer #1 certificate SHA-256 digest: a40da80a59d170caa950cf15c18c454d47a39b26989d8b640ecd745ba71bf5dc
[debug] &amp#27;[35m[ADB]&amp#27;[39m Signer #1 certificate SHA-1 digest: 61ed377e85d386a8dfee6b864bd85b0bfaa5af81
[debug] &amp#27;[35m[ADB]&amp#27;[39m Signer #1 certificate MD5 digest: e89b158e4bcf988ebd09eb83f5378e87
[debug] &amp#27;[35m[ADB]&amp#27;[39m 
[debug] &amp#27;[35m[ADB]&amp#27;[39m sha256 hash did match for 'appium-uiautomator2-server-debug-androidTest.apk'
&amp#27;[35m[ADB]&amp#27;[39m 'C:\Users\Rahul\.appium\node_modules\appium-uiautomator2-driver\node_modules\appium-uiautomator2-server\apks\appium-uiautomator2-server-debug-androidTest.apk' is signed with the default certificate
&amp#27;[35m[AndroidUiautomator2Driver@92b6 (a7325a4a)]&amp#27;[39m Server packages are not going to be (re)installed
[debug] &amp#27;[35m[AndroidUiautomator2Driver@92b6 (a7325a4a)]&amp#27;[39m Waiting up to 30000ms for services to be available
[debug] &amp#27;[35m[ADB]&amp#27;[39m Running 'C:\Users\Rahul\AppData\Local\Android\Sdk\platform-tools\adb.exe -P 5037 -s emulator-5554 shell pm list instrumentation'
[debug] &amp#27;[35m[AndroidUiautomator2Driver@92b6 (a7325a4a)]&amp#27;[39m Instrumentation target 'io.appium.uiautomator2.server.test/androidx.test.runner.AndroidJUnitRunner' is available
&amp#27;[35m[ADB]&amp#27;[39m Adding packages ["io.appium.settings","io.appium.uiautomator2.server","io.appium.uiautomator2.server.test"] to Doze whitelist
[debug] &amp#27;[35m[ADB]&amp#27;[39m Got the following command chunks to execute: [["dumpsys","deviceidle","whitelist","+io.appium.settings",";","dumpsys","deviceidle","whitelist","+io.appium.uiautomator2.server",";","dumpsys","deviceidle","whitelist","+io.appium.uiautomator2.server.test",";"]]
[debug] &amp#27;[35m[ADB]&amp#27;[39m Running 'C:\Users\Rahul\AppData\Local\Android\Sdk\platform-tools\adb.exe -P 5037 -s emulator-5554 shell dumpsys deviceidle whitelist +io.appium.settings ; dumpsys deviceidle whitelist +io.appium.uiautomator2.server ; dumpsys deviceidle whitelist +io.appium.uiautomator2.server.test ;'
[debug] &amp#27;[35m[ADB]&amp#27;[39m Checking app cert for C:\Users\Rahul\eclipse-workspace\AppiumFramework\src\main\java\org\rahul\resources\General-Store.apk
[debug] &amp#27;[35m[ADB]&amp#27;[39m Starting apksigner: 'C:\\Program Files\\Java\\jdk-11.0.15\\bin\\java.exe' -Xmx1024M -Xss1m -jar C:\\Users\\Rahul\\AppData\\Local\\Android\\Sdk\\build-tools\\33.0.0\\lib\\apksigner.jar verify --print-certs C:\\Users\\Rahul\\eclipse-workspace\\AppiumFramework\\src\\main\\java\\org\\rahul\\resources\\General-Store.apk
[debug] &amp#27;[35m[ADB]&amp#27;[39m apksigner stdout: Signer #1 certificate DN: C=US, O=Android, CN=Android Debug
[debug] &amp#27;[35m[ADB]&amp#27;[39m Signer #1 certificate SHA-256 digest: f5f5931c019be6bff8a26255f76ae9ef8a8e631d2a702ec10e91110231549eef
[debug] &amp#27;[35m[ADB]&amp#27;[39m Signer #1 certificate SHA-1 digest: b250161db8b5d0a1bd39154c9fd749bdad79c1a3
[debug] &amp#27;[35m[ADB]&amp#27;[39m Signer #1 certificate MD5 digest: 7a5550323d84472ca25a0861c63e0a6c
[debug] &amp#27;[35m[ADB]&amp#27;[39m 
&amp#27;[35m[ADB]&amp#27;[39m 'C:\Users\Rahul\eclipse-workspace\AppiumFramework\src\main\java\org\rahul\resources\General-Store.apk' is signed with a non-default certificate
[debug] &amp#27;[35m[ADB]&amp#27;[39m Getting install status for com.androidsample.generalstore
[debug] &amp#27;[35m[ADB]&amp#27;[39m Running 'C:\Users\Rahul\AppData\Local\Android\Sdk\platform-tools\adb.exe -P 5037 -s emulator-5554 shell dumpsys package com.androidsample.generalstore'
[debug] &amp#27;[35m[ADB]&amp#27;[39m 'com.androidsample.generalstore' is installed
[debug] &amp#27;[35m[ADB]&amp#27;[39m Getting package info for 'com.androidsample.generalstore'
[debug] &amp#27;[35m[ADB]&amp#27;[39m Running 'C:\Users\Rahul\AppData\Local\Android\Sdk\platform-tools\adb.exe -P 5037 -s emulator-5554 shell dumpsys package com.androidsample.generalstore'
[debug] &amp#27;[35m[ADB]&amp#27;[39m The version name of the installed 'com.androidsample.generalstore' is greater or equal to the application version name ('1.0.0' >= '1.0.0')
[debug] &amp#27;[35m[ADB]&amp#27;[39m There is no need to install/upgrade 'C:\Users\Rahul\eclipse-workspace\AppiumFramework\src\main\java\org\rahul\resources\General-Store.apk'
&amp#27;[35m[AndroidDriver]&amp#27;[39m Performing fast reset on 'com.androidsample.generalstore'
[debug] &amp#27;[35m[ADB]&amp#27;[39m Getting install status for com.androidsample.generalstore
[debug] &amp#27;[35m[ADB]&amp#27;[39m Running 'C:\Users\Rahul\AppData\Local\Android\Sdk\platform-tools\adb.exe -P 5037 -s emulator-5554 shell dumpsys package com.androidsample.generalstore'
[debug] &amp#27;[35m[ADB]&amp#27;[39m 'com.androidsample.generalstore' is installed
[debug] &amp#27;[35m[ADB]&amp#27;[39m Running 'C:\Users\Rahul\AppData\Local\Android\Sdk\platform-tools\adb.exe -P 5037 -s emulator-5554 shell am force-stop com.androidsample.generalstore'
[debug] &amp#27;[35m[ADB]&amp#27;[39m Running 'C:\Users\Rahul\AppData\Local\Android\Sdk\platform-tools\adb.exe -P 5037 -s emulator-5554 shell pm clear com.androidsample.generalstore'
[debug] &amp#27;[35m[AndroidDriver]&amp#27;[39m Performed fast reset on the installed 'com.androidsample.generalstore' application (stop and clear)
[debug] &amp#27;[35m[AndroidUiautomator2Driver@92b6 (a7325a4a)]&amp#27;[39m Performing shallow cleanup of automation leftovers
[debug] &amp#27;[35m[AndroidUiautomator2Driver@92b6 (a7325a4a)]&amp#27;[39m The following obsolete sessions are still running: ["724dcc71-9a84-4363-9b66-99fd4202def2"]
[debug] &amp#27;[35m[AndroidUiautomator2Driver@92b6 (a7325a4a)]&amp#27;[39m Cleaning up 1 obsolete session
[debug] &amp#27;[35m[ADB]&amp#27;[39m Running 'C:\Users\Rahul\AppData\Local\Android\Sdk\platform-tools\adb.exe -P 5037 -s emulator-5554 shell am force-stop io.appium.uiautomator2.server.test'
&amp#27;[35m[AndroidUiautomator2Driver@92b6 (a7325a4a)]&amp#27;[39m Starting UIAutomator2 server 5.6.2
&amp#27;[35m[AndroidUiautomator2Driver@92b6 (a7325a4a)]&amp#27;[39m Using UIAutomator2 server from 'C:\Users\Rahul\.appium\node_modules\appium-uiautomator2-driver\node_modules\appium-uiautomator2-server\apks\appium-uiautomator2-server-v5.6.2.apk' and test from 'C:\Users\Rahul\.appium\node_modules\appium-uiautomator2-driver\node_modules\appium-uiautomator2-server\apks\appium-uiautomator2-server-debug-androidTest.apk'
&amp#27;[35m[AndroidUiautomator2Driver@92b6 (a7325a4a)]&amp#27;[39m Waiting up to 30000ms for UiAutomator2 to be online...
[debug] &amp#27;[35m[ADB]&amp#27;[39m Creating ADB subprocess with args: ["-P",5037,"-s","emulator-5554","shell","am","instrument","-w","-e","disableAnalytics",true,"io.appium.uiautomator2.server.test/androidx.test.runner.AndroidJUnitRunner"]
[debug] &amp#27;[35m[AndroidUiautomator2Driver@92b6 (a7325a4a)]&amp#27;[39m Matched '/status' to command name 'getStatus'
[debug] &amp#27;[35m[AndroidUiautomator2Driver@92b6 (a7325a4a)]&amp#27;[39m Proxying [GET /status] to [GET http://127.0.0.1:8211/status] with no body
&amp#27;[35m[AndroidUiautomator2Driver@92b6 (a7325a4a)]&amp#27;[39m socket hang up
[debug] &amp#27;[35m[Instrumentation]&amp#27;[39m io.appium.uiautomator2.server.test.AppiumUiAutomator2Server:
[debug] &amp#27;[35m[AndroidUiautomator2Driver@92b6 (a7325a4a)]&amp#27;[39m Matched '/status' to command name 'getStatus'
[debug] &amp#27;[35m[AndroidUiautomator2Driver@92b6 (a7325a4a)]&amp#27;[39m Proxying [GET /status] to [GET http://127.0.0.1:8211/status] with no body
&amp#27;[35m[AndroidUiautomator2Driver@92b6 (a7325a4a)]&amp#27;[39m socket hang up
[debug] &amp#27;[35m[AndroidUiautomator2Driver@92b6 (a7325a4a)]&amp#27;[39m Matched '/status' to command name 'getStatus'
[debug] &amp#27;[35m[AndroidUiautomator2Driver@92b6 (a7325a4a)]&amp#27;[39m Proxying [GET /status] to [GET http://127.0.0.1:8211/status] with no body
[debug] &amp#27;[35m[AndroidUiautomator2Driver@92b6 (a7325a4a)]&amp#27;[39m Got response with status 200: {"sessionId":"None","value":{"message":"UiAutomator2 Server is ready to accept commands","ready":true}}
[debug] &amp#27;[35m[AndroidUiautomator2Driver@92b6 (a7325a4a)]&amp#27;[39m The initialization of the instrumentation process took 2118ms
[debug] &amp#27;[35m[AndroidUiautomator2Driver@92b6 (a7325a4a)]&amp#27;[39m Matched '/session' to command name 'createSession'
[debug] &amp#27;[35m[AndroidUiautomator2Driver@92b6 (a7325a4a)]&amp#27;[39m Proxying [POST /session] to [POST http://127.0.0.1:8211/session] with body: {"capabilities":{"firstMatch":[{"platform":"LINUX","webStorageEnabled":false,"takesScreenshot":true,"javascriptEnabled":true,"databaseEnabled":false,"networkConnectionEnabled":true,"locationContextEnabled":false,"warnings":{},"desired":{"platformName":"android","app":"C:\\Users\\Rahul\\eclipse-workspace\\AppiumFramework\\src\\main\\java\\org\\rahul\\resources\\General-Store.apk","automationName":"UIAutomator2","deviceName":"Rahulemulator2"},"platformName":"android","app":"C:\\Users\\Rahul\\eclipse-workspace\\AppiumFramework\\src\\main\\java\\org\\rahul\\resources\\General-Store.apk","automationName":"UIAutomator2","deviceName":"emulator-5554","deviceUDID":"emulator-5554","appPackage":"com.androidsample.generalstore"}],"alwaysMatch":{}}}
[debug] &amp#27;[35m[AndroidUiautomator2Driver@92b6 (a7325a4a)]&amp#27;[39m Got response with status 200: {"sessionId":"fa4fa2bd-d208-49b8-bd03-b0d17909c849","value":{"capabilities":{"firstMatch":[{"platform":"LINUX","webStorageEnabled":false,"takesScreenshot":true,"javascriptEnabled":true,"databaseEnabled":false,"networkConnectionEnabled":true,"locationContextEnabled":false,"warnings":{},"desired":{"platformName":"android","app":"C:\\Users\\Rahul\\eclipse-workspace\\AppiumFramework\\src\\main\\java\\org\\rahul\\resources\\General-Store.apk","automationName":"UIAutomator2","deviceName":"Rahulemulator2"},"platformName":"android","app":"C:\\Users\\Rahul\\eclipse-workspace\\AppiumFramework\\src\\main\\java\\org\\rahul\\resources\\General-Store.apk","automationName":"UIAutomator2","deviceName":"emulator-5554","deviceUDID":"emulator-5554","appPackage":"com.androidsample.generalstore"}],"alwaysMatch":{}},"sessionId":"fa4fa2bd-d208-49b8-bd03-b0d17909c849"}}
&amp#27;[35m[AndroidUiautomator2Driver@92b6 (a7325a4a)]&amp#27;[39m Determined the downstream protocol as 'W3C'
[debug] &amp#27;[35m[AndroidUiautomator2Driver@92b6 (a7325a4a)]&amp#27;[39m Proxying [GET /appium/device/info] to [GET http://127.0.0.1:8211/session/fa4fa2bd-d208-49b8-bd03-b0d17909c849/appium/device/info] with no body
[debug] &amp#27;[35m[AndroidUiautomator2Driver@92b6 (a7325a4a)]&amp#27;[39m Got response with status 200: {"sessionId":"fa4fa2bd-d208-49b8-bd03-b0d17909c849","value":{"androidId":"ca70b398b4b86c5f","apiVersion":"30","bluetooth":{"state":"ON"},"brand":"google","carrierName":"Android","displayDensity":420,"locale":"en_US","manufacturer":"Google","model":"sdk_gphone_x86","networks":[{"capabilities":{"SSID":null,"linkDownBandwidthKbps":30000,"linkUpstreamBandwidthKbps":15000,"networkCapabilities":"NET_CAPABILITY_MMS,NET_CAPABILITY_SUPL,NET_CAPABILITY_DUN,NET_CAPABILITY_FOTA,NET_CAPABILITY_IMS,NET_CAPABILITY_CBS,NET_CAPABILITY_INTERNET,NET_CAPABILITY_NOT_RESTRICTED,NET_CAPABILITY_TRUSTED,NET_CAPABILITY_NOT_VPN,NET_CAPABILITY_VALIDATED,NET_CAPABILITY_NOT_ROAMING,NET_CAPABILITY_NOT_CONGESTED,NET_CAPABILITY_NOT_SUSPENDED","signalStrength":-2147483648,"transportTypes":"TRANSPORT_CELLULAR"},"detailedState":"CONNECTED","extraInfo":"epc.tmobile.com","isAvailable":true,"isConnected":true,"isFailover":false,"isRoaming":false,"state":"CONNECTED","subtype":13,"subtypeName":"LTE","type":0,"typeName":"MOBILE"},{"capabilities":{...
[debug] &amp#27;[35m[ADB]&amp#27;[39m Running 'C:\Users\Rahul\AppData\Local\Android\Sdk\platform-tools\adb.exe -P 5037 -s emulator-5554 shell dumpsys window'
&amp#27;[35m[AndroidDriver]&amp#27;[39m Screen already unlocked, doing nothing
&amp#27;[35m[AndroidUiautomator2Driver@92b6 (a7325a4a)]&amp#27;[39m Starting 'com.androidsample.generalstore/com.androidsample.generalstore.SplashActivity and waiting for 'com.androidsample.generalstore/com.androidsample.generalstore.SplashActivity'
[debug] &amp#27;[35m[ADB]&amp#27;[39m Running 'C:\Users\Rahul\AppData\Local\Android\Sdk\platform-tools\adb.exe -P 5037 -s emulator-5554 shell am start -W -n com.androidsample.generalstore/com.androidsample.generalstore.SplashActivity -S -a android.intent.action.MAIN -c android.intent.category.LAUNCHER -f 0x10200000'
[debug] &amp#27;[35m[ADB]&amp#27;[39m Waiting up to 20000ms for activity matching pkg: 'com.androidsample.generalstore' and activity: 'com.androidsample.generalstore.SplashActivity' to be focused
[debug] &amp#27;[35m[ADB]&amp#27;[39m Possible activities, to be checked: 'com.androidsample.generalstore.SplashActivity', 'com.androidsample.generalstore.com.androidsample.generalstore.SplashActivity'
[debug] &amp#27;[35m[ADB]&amp#27;[39m Getting focused package and activity
[debug] &amp#27;[35m[ADB]&amp#27;[39m Running 'C:\Users\Rahul\AppData\Local\Android\Sdk\platform-tools\adb.exe -P 5037 -s emulator-5554 shell dumpsys window displays'
[debug] &amp#27;[35m[ADB]&amp#27;[39m Found package: 'com.androidsample.generalstore' and fully qualified activity name : 'com.androidsample.generalstore.SplashActivity'
[debug] &amp#27;[35m[AndroidUiautomator2Driver@92b6 (a7325a4a)]&amp#27;[39m Proxying [GET /appium/device/pixel_ratio] to [GET http://127.0.0.1:8211/session/fa4fa2bd-d208-49b8-bd03-b0d17909c849/appium/device/pixel_ratio] with no body
[debug] &amp#27;[35m[AndroidUiautomator2Driver@92b6 (a7325a4a)]&amp#27;[39m Got response with status 200: {"sessionId":"fa4fa2bd-d208-49b8-bd03-b0d17909c849","value":2.625}
[debug] &amp#27;[35m[AndroidUiautomator2Driver@92b6 (a7325a4a)]&amp#27;[39m Matched '/appium/device/system_bars' to command name 'getSystemBars'
[debug] &amp#27;[35m[AndroidUiautomator2Driver@92b6 (a7325a4a)]&amp#27;[39m Proxying [GET /appium/device/system_bars] to [GET http://127.0.0.1:8211/session/fa4fa2bd-d208-49b8-bd03-b0d17909c849/appium/device/system_bars] with no body
[debug] &amp#27;[35m[AndroidUiautomator2Driver@92b6 (a7325a4a)]&amp#27;[39m Got response with status 200: {"sessionId":"fa4fa2bd-d208-49b8-bd03-b0d17909c849","value":{"statusBar":63}}
[debug] &amp#27;[35m[AndroidUiautomator2Driver@92b6 (a7325a4a)]&amp#27;[39m Matched '/window/current/size' to command name 'getWindowSize'
[debug] &amp#27;[35m[AndroidUiautomator2Driver@92b6 (a7325a4a)]&amp#27;[39m Proxying [GET /window/current/size] to [GET http://127.0.0.1:8211/session/fa4fa2bd-d208-49b8-bd03-b0d17909c849/window/current/size] with no body
[debug] &amp#27;[35m[AndroidUiautomator2Driver@92b6 (a7325a4a)]&amp#27;[39m Got response with status 200: {"sessionId":"fa4fa2bd-d208-49b8-bd03-b0d17909c849","value":{"height":1794,"width":1080}}
&amp#27;[35m[AppiumDriver@3019]&amp#27;[39m New AndroidUiautomator2Driver session created successfully, session a7325a4a-9bc6-4008-ba53-93bda555d60b added to master session list
[debug] &amp#27;[35m[AppiumDriver@3019]&amp#27;[39m Event 'newSessionStarted' logged at 1662389692480 (20:24:52 GMT+0530 (India Standard Time))
[debug] &amp#27;[35m[AndroidUiautomator2Driver@92b6 (a7325a4a)]&amp#27;[39m Cached the protocol value 'W3C' for the new session a7325a4a-9bc6-4008-ba53-93bda555d60b
[debug] &amp#27;[35m[AndroidUiautomator2Driver@92b6 (a7325a4a)]&amp#27;[39m Responding to client with driver.createSession() result: {"capabilities":{"platform":"LINUX","webStorageEnabled":false,"takesScreenshot":true,"javascriptEnabled":true,"databaseEnabled":false,"networkConnectionEnabled":true,"locationContextEnabled":false,"warnings":{},"desired":{"platformName":"android","app":"C:\\Users\\Rahul\\eclipse-workspace\\AppiumFramework\\src\\main\\java\\org\\rahul\\resources\\General-Store.apk","automationName":"UIAutomator2","deviceName":"Rahulemulator2"},"platformName":"android","app":"C:\\Users\\Rahul\\eclipse-workspace\\AppiumFramework\\src\\main\\java\\org\\rahul\\resources\\General-Store.apk","automationName":"UIAutomator2","deviceName":"emulator-5554","deviceUDID":"emulator-5554","appPackage":"com.androidsample.generalstore","deviceApiLevel":30,"platformVersion":"11","deviceScreenSize":"1080x1920","deviceScreenDensity":420,"deviceModel":"sdk_gphone_x86","deviceManufacturer":"Google","pixelRatio":2.625,"statBarHeight":63,"viewportRect":{"left":0,"top":63,"width":1080,"height":1731}}}
&amp#27;[35m[HTTP]&amp#27;[39m &amp#27;[37m<-- POST /session &amp#27;[39m&amp#27;[32m200&amp#27;[39m &amp#27;[90m7759 ms - 1034&amp#27;[39m
&amp#27;[35m[HTTP]&amp#27;[39m &amp#27;[90m&amp#27;[39m
&amp#27;[35m[HTTP]&amp#27;[39m &amp#27;[37m-->&amp#27;[39m &amp#27;[37mPOST&amp#27;[39m &amp#27;[37m/session/a7325a4a-9bc6-4008-ba53-93bda555d60b/timeouts&amp#27;[39m
&amp#27;[35m[HTTP]&amp#27;[39m &amp#27;[90m{"implicit":10000}&amp#27;[39m
[debug] &amp#27;[35m[AndroidUiautomator2Driver@92b6 (a7325a4a)]&amp#27;[39m Calling AppiumDriver.timeouts() with args: [null,null,null,null,10000,"a7325a4a-9bc6-4008-ba53-93bda555d60b"]
[debug] &amp#27;[35m[AndroidUiautomator2Driver@92b6 (a7325a4a)]&amp#27;[39m W3C timeout argument: {"implicit":10000}}
[debug] &amp#27;[35m[AndroidUiautomator2Driver@92b6 (a7325a4a)]&amp#27;[39m Set implicit wait to 10000ms
[debug] &amp#27;[35m[AndroidUiautomator2Driver@92b6 (a7325a4a)]&amp#27;[39m Responding to client with driver.timeouts() result: null
&amp#27;[35m[HTTP]&amp#27;[39m &amp#27;[37m<-- POST /session/a7325a4a-9bc6-4008-ba53-93bda555d60b/timeouts &amp#27;[39m&amp#27;[32m200&amp#27;[39m &amp#27;[90m10 ms - 14&amp#27;[39m
&amp#27;[35m[HTTP]&amp#27;[39m &amp#27;[90m&amp#27;[39m
&amp#27;[35m[HTTP]&amp#27;[39m &amp#27;[37m-->&amp#27;[39m &amp#27;[37mPOST&amp#27;[39m &amp#27;[37m/session/a7325a4a-9bc6-4008-ba53-93bda555d60b/appium/device/start_activity&amp#27;[39m
&amp#27;[35m[HTTP]&amp#27;[39m &amp#27;[90m{"appPackage":"com.androidsample.generalstore","appActivity":"com.androidsample.generalstore.MainActivity","appWaitPackage":"","appWaitActivity":"","dontStopAppOnReset":false,"intentAction":"","intentCategory":"","intentFlags":"","optionalIntentArguments":""}&amp#27;[39m
[debug] &amp#27;[35m[AndroidUiautomator2Driver@92b6 (a7325a4a)]&amp#27;[39m Calling AppiumDriver.startActivity() with args: ["com.androidsample.generalstore","com.androidsample.generalstore.MainActivity","","","","","","",false,null,null,"a7325a4a-9bc6-4008-ba53-93bda555d60b"]
[debug] &amp#27;[35m[AndroidUiautomator2Driver@92b6 (a7325a4a)]&amp#27;[39m Starting package 'com.androidsample.generalstore' and activity 'com.androidsample.generalstore.MainActivity'
[debug] &amp#27;[35m[ADB]&amp#27;[39m Running 'C:\Users\Rahul\AppData\Local\Android\Sdk\platform-tools\adb.exe -P 5037 -s emulator-5554 shell am start -W -n com.androidsample.generalstore/com.androidsample.generalstore.MainActivity -S'
[debug] &amp#27;[35m[ADB]&amp#27;[39m Waiting up to 20000ms for activity matching pkg: 'com.androidsample.generalstore' and activity: 'com.androidsample.generalstore.MainActivity' to be focused
[debug] &amp#27;[35m[ADB]&amp#27;[39m Possible activities, to be checked: 'com.androidsample.generalstore.MainActivity', 'com.androidsample.generalstore.com.androidsample.generalstore.MainActivity'
[debug] &amp#27;[35m[ADB]&amp#27;[39m Getting focused package and activity
[debug] &amp#27;[35m[ADB]&amp#27;[39m Running 'C:\Users\Rahul\AppData\Local\Android\Sdk\platform-tools\adb.exe -P 5037 -s emulator-5554 shell dumpsys window displays'
[debug] &amp#27;[35m[ADB]&amp#27;[39m Found package: 'com.androidsample.generalstore' and fully qualified activity name : 'com.androidsample.generalstore.MainActivity'
[debug] &amp#27;[35m[AndroidUiautomator2Driver@92b6 (a7325a4a)]&amp#27;[39m Responding to client with driver.startActivity() result: null
&amp#27;[35m[HTTP]&amp#27;[39m &amp#27;[37m<-- POST /session/a7325a4a-9bc6-4008-ba53-93bda555d60b/appium/device/start_activity &amp#27;[39m&amp#27;[32m200&amp#27;[39m &amp#27;[90m1117 ms - 14&amp#27;[39m
&amp#27;[35m[HTTP]&amp#27;[39m &amp#27;[90m&amp#27;[39m
&amp#27;[35m[HTTP]&amp#27;[39m &amp#27;[37m-->&amp#27;[39m &amp#27;[37mGET&amp#27;[39m &amp#27;[37m/session/a7325a4a-9bc6-4008-ba53-93bda555d60b/context&amp#27;[39m
&amp#27;[35m[HTTP]&amp#27;[39m &amp#27;[90m{}&amp#27;[39m
[debug] &amp#27;[35m[AndroidUiautomator2Driver@92b6 (a7325a4a)]&amp#27;[39m Calling AppiumDriver.getCurrentContext() with args: ["a7325a4a-9bc6-4008-ba53-93bda555d60b"]
[debug] &amp#27;[35m[AndroidUiautomator2Driver@92b6 (a7325a4a)]&amp#27;[39m Responding to client with driver.getCurrentContext() result: "NATIVE_APP"
&amp#27;[35m[HTTP]&amp#27;[39m &amp#27;[37m<-- GET /session/a7325a4a-9bc6-4008-ba53-93bda555d60b/context &amp#27;[39m&amp#27;[32m200&amp#27;[39m &amp#27;[90m14 ms - 22&amp#27;[39m
&amp#27;[35m[HTTP]&amp#27;[39m &amp#27;[90m&amp#27;[39m
&amp#27;[35m[HTTP]&amp#27;[39m &amp#27;[37m-->&amp#27;[39m &amp#27;[37mPOST&amp#27;[39m &amp#27;[37m/session/a7325a4a-9bc6-4008-ba53-93bda555d60b/element&amp#27;[39m
&amp#27;[35m[HTTP]&amp#27;[39m &amp#27;[90m{"using":"id","value":"com.androidsample.generalstore:id/nameField"}&amp#27;[39m
[debug] &amp#27;[35m[AndroidUiautomator2Driver@92b6 (a7325a4a)]&amp#27;[39m Calling AppiumDriver.findElement() with args: ["id","com.androidsample.generalstore:id/nameField","a7325a4a-9bc6-4008-ba53-93bda555d60b"]
[debug] &amp#27;[35m[AndroidUiautomator2Driver@92b6 (a7325a4a)]&amp#27;[39m Valid locator strategies for this request: xpath, id, class name, accessibility id, css selector, -android uiautomator
[debug] &amp#27;[35m[AndroidUiautomator2Driver@92b6 (a7325a4a)]&amp#27;[39m Waiting up to 10000 ms for condition
[debug] &amp#27;[35m[AndroidUiautomator2Driver@92b6 (a7325a4a)]&amp#27;[39m Matched '/element' to command name 'findElement'
[debug] &amp#27;[35m[AndroidUiautomator2Driver@92b6 (a7325a4a)]&amp#27;[39m Proxying [POST /element] to [POST http://127.0.0.1:8211/session/fa4fa2bd-d208-49b8-bd03-b0d17909c849/element] with body: {"strategy":"id","selector":"com.androidsample.generalstore:id/nameField","context":"","multiple":false}
[debug] &amp#27;[35m[AndroidUiautomator2Driver@92b6 (a7325a4a)]&amp#27;[39m Got response with status 200: {"sessionId":"fa4fa2bd-d208-49b8-bd03-b0d17909c849","value":{"ELEMENT":"00000000-0000-00c2-ffff-ffff00000013","element-6066-11e4-a52e-4f735466cecf":"00000000-0000-00c2-ffff-ffff00000013"}}
[debug] &amp#27;[35m[AndroidUiautomator2Driver@92b6 (a7325a4a)]&amp#27;[39m Responding to client with driver.findElement() result: {"element-6066-11e4-a52e-4f735466cecf":"00000000-0000-00c2-ffff-ffff00000013","ELEMENT":"00000000-0000-00c2-ffff-ffff00000013"}
&amp#27;[35m[HTTP]&amp#27;[39m &amp#27;[37m<-- POST /session/a7325a4a-9bc6-4008-ba53-93bda555d60b/element &amp#27;[39m&amp#27;[32m200&amp#27;[39m &amp#27;[90m325 ms - 137&amp#27;[39m
&amp#27;[35m[HTTP]&amp#27;[39m &amp#27;[90m&amp#27;[39m
&amp#27;[35m[HTTP]&amp#27;[39m &amp#27;[37m-->&amp#27;[39m &amp#27;[37mPOST&amp#27;[39m &amp#27;[37m/session/a7325a4a-9bc6-4008-ba53-93bda555d60b/element/00000000-0000-00c2-ffff-ffff00000013/value&amp#27;[39m
&amp#27;[35m[HTTP]&amp#27;[39m &amp#27;[90m{"id":"00000000-0000-00c2-ffff-ffff00000013","text":"raushan","value":["r","a","u","s","h","a","n"]}&amp#27;[39m
[debug] &amp#27;[35m[AndroidUiautomator2Driver@92b6 (a7325a4a)]&amp#27;[39m Calling AppiumDriver.setValue() with args: [["r","a","u","s","h","a","n"],"00000000-0000-00c2-ffff-ffff00000013","a7325a4a-9bc6-4008-ba53-93bda555d60b"]
[debug] &amp#27;[35m[AndroidUiautomator2Driver@92b6 (a7325a4a)]&amp#27;[39m Matched '/element/00000000-0000-00c2-ffff-ffff00000013/value' to command name 'setValue'
[debug] &amp#27;[35m[AndroidUiautomator2Driver@92b6 (a7325a4a)]&amp#27;[39m Added 'value' property ["r","a","u","s","h","a","n"] to 'setValue' request body
[debug] &amp#27;[35m[AndroidUiautomator2Driver@92b6 (a7325a4a)]&amp#27;[39m Proxying [POST /element/00000000-0000-00c2-ffff-ffff00000013/value] to [POST http://127.0.0.1:8211/session/fa4fa2bd-d208-49b8-bd03-b0d17909c849/element/00000000-0000-00c2-ffff-ffff00000013/value] with body: {"elementId":"00000000-0000-00c2-ffff-ffff00000013","text":"raushan","replace":false,"value":["r","a","u","s","h","a","n"]}
[debug] &amp#27;[35m[AndroidUiautomator2Driver@92b6 (a7325a4a)]&amp#27;[39m Got response with status 200: {"sessionId":"fa4fa2bd-d208-49b8-bd03-b0d17909c849","value":null}
[debug] &amp#27;[35m[AndroidUiautomator2Driver@92b6 (a7325a4a)]&amp#27;[39m Responding to client with driver.setValue() result: null
&amp#27;[35m[HTTP]&amp#27;[39m &amp#27;[37m<-- POST /session/a7325a4a-9bc6-4008-ba53-93bda555d60b/element/00000000-0000-00c2-ffff-ffff00000013/value &amp#27;[39m&amp#27;[32m200&amp#27;[39m &amp#27;[90m573 ms - 14&amp#27;[39m
&amp#27;[35m[HTTP]&amp#27;[39m &amp#27;[90m&amp#27;[39m
&amp#27;[35m[HTTP]&amp#27;[39m &amp#27;[37m-->&amp#27;[39m &amp#27;[37mPOST&amp#27;[39m &amp#27;[37m/session/a7325a4a-9bc6-4008-ba53-93bda555d60b/appium/device/hide_keyboard&amp#27;[39m
&amp#27;[35m[HTTP]&amp#27;[39m &amp#27;[90m{}&amp#27;[39m
[debug] &amp#27;[35m[AndroidUiautomator2Driver@92b6 (a7325a4a)]&amp#27;[39m Calling AppiumDriver.hideKeyboard() with args: [null,null,null,null,"a7325a4a-9bc6-4008-ba53-93bda555d60b"]
[debug] &amp#27;[35m[ADB]&amp#27;[39m Running 'C:\Users\Rahul\AppData\Local\Android\Sdk\platform-tools\adb.exe -P 5037 -s emulator-5554 shell dumpsys input_method'
&amp#27;[35m[ADB]&amp#27;[39m Keyboard has no UI; no closing necessary
[debug] &amp#27;[35m[AndroidUiautomator2Driver@92b6 (a7325a4a)]&amp#27;[39m Responding to client with driver.hideKeyboard() result: false
&amp#27;[35m[HTTP]&amp#27;[39m &amp#27;[37m<-- POST /session/a7325a4a-9bc6-4008-ba53-93bda555d60b/appium/device/hide_keyboard &amp#27;[39m&amp#27;[32m200&amp#27;[39m &amp#27;[90m191 ms - 15&amp#27;[39m
&amp#27;[35m[HTTP]&amp#27;[39m &amp#27;[90m&amp#27;[39m
&amp#27;[35m[HTTP]&amp#27;[39m &amp#27;[37m-->&amp#27;[39m &amp#27;[37mGET&amp#27;[39m &amp#27;[37m/session/a7325a4a-9bc6-4008-ba53-93bda555d60b/context&amp#27;[39m
&amp#27;[35m[HTTP]&amp#27;[39m &amp#27;[90m{}&amp#27;[39m
[debug] &amp#27;[35m[AndroidUiautomator2Driver@92b6 (a7325a4a)]&amp#27;[39m Calling AppiumDriver.getCurrentContext() with args: ["a7325a4a-9bc6-4008-ba53-93bda555d60b"]
[debug] &amp#27;[35m[AndroidUiautomator2Driver@92b6 (a7325a4a)]&amp#27;[39m Responding to client with driver.getCurrentContext() result: "NATIVE_APP"
&amp#27;[35m[HTTP]&amp#27;[39m &amp#27;[37m<-- GET /session/a7325a4a-9bc6-4008-ba53-93bda555d60b/context &amp#27;[39m&amp#27;[32m200&amp#27;[39m &amp#27;[90m3 ms - 22&amp#27;[39m
&amp#27;[35m[HTTP]&amp#27;[39m &amp#27;[90m&amp#27;[39m
&amp#27;[35m[HTTP]&amp#27;[39m &amp#27;[37m-->&amp#27;[39m &amp#27;[37mPOST&amp#27;[39m &amp#27;[37m/session/a7325a4a-9bc6-4008-ba53-93bda555d60b/element&amp#27;[39m
&amp#27;[35m[HTTP]&amp#27;[39m &amp#27;[90m{"using":"xpath","value":"//android.widget.RadioButton[@text='Male']"}&amp#27;[39m
[debug] &amp#27;[35m[AndroidUiautomator2Driver@92b6 (a7325a4a)]&amp#27;[39m Calling AppiumDriver.findElement() with args: ["xpath","//android.widget.RadioButton[@text='Male']","a7325a4a-9bc6-4008-ba53-93bda555d60b"]
[debug] &amp#27;[35m[AndroidUiautomator2Driver@92b6 (a7325a4a)]&amp#27;[39m Valid locator strategies for this request: xpath, id, class name, accessibility id, css selector, -android uiautomator
[debug] &amp#27;[35m[AndroidUiautomator2Driver@92b6 (a7325a4a)]&amp#27;[39m Waiting up to 10000 ms for condition
[debug] &amp#27;[35m[AndroidUiautomator2Driver@92b6 (a7325a4a)]&amp#27;[39m Matched '/element' to command name 'findElement'
[debug] &amp#27;[35m[AndroidUiautomator2Driver@92b6 (a7325a4a)]&amp#27;[39m Proxying [POST /element] to [POST http://127.0.0.1:8211/session/fa4fa2bd-d208-49b8-bd03-b0d17909c849/element] with body: {"strategy":"xpath","selector":"//android.widget.RadioButton[@text='Male']","context":"","multiple":false}
[debug] &amp#27;[35m[AndroidUiautomator2Driver@92b6 (a7325a4a)]&amp#27;[39m Got response with status 200: {"sessionId":"fa4fa2bd-d208-49b8-bd03-b0d17909c849","value":{"ELEMENT":"00000000-0000-00c2-ffff-ffff00000016","element-6066-11e4-a52e-4f735466cecf":"00000000-0000-00c2-ffff-ffff00000016"}}
[debug] &amp#27;[35m[AndroidUiautomator2Driver@92b6 (a7325a4a)]&amp#27;[39m Responding to client with driver.findElement() result: {"element-6066-11e4-a52e-4f735466cecf":"00000000-0000-00c2-ffff-ffff00000016","ELEMENT":"00000000-0000-00c2-ffff-ffff00000016"}
&amp#27;[35m[HTTP]&amp#27;[39m &amp#27;[37m<-- POST /session/a7325a4a-9bc6-4008-ba53-93bda555d60b/element &amp#27;[39m&amp#27;[32m200&amp#27;[39m &amp#27;[90m695 ms - 137&amp#27;[39m
&amp#27;[35m[HTTP]&amp#27;[39m &amp#27;[90m&amp#27;[39m
&amp#27;[35m[HTTP]&amp#27;[39m &amp#27;[37m-->&amp#27;[39m &amp#27;[37mPOST&amp#27;[39m &amp#27;[37m/session/a7325a4a-9bc6-4008-ba53-93bda555d60b/element/00000000-0000-00c2-ffff-ffff00000016/click&amp#27;[39m
&amp#27;[35m[HTTP]&amp#27;[39m &amp#27;[90m{"id":"00000000-0000-00c2-ffff-ffff00000016"}&amp#27;[39m
[debug] &amp#27;[35m[AndroidUiautomator2Driver@92b6 (a7325a4a)]&amp#27;[39m Calling AppiumDriver.click() with args: ["00000000-0000-00c2-ffff-ffff00000016","a7325a4a-9bc6-4008-ba53-93bda555d60b"]
[debug] &amp#27;[35m[AndroidUiautomator2Driver@92b6 (a7325a4a)]&amp#27;[39m Matched '/element/00000000-0000-00c2-ffff-ffff00000016/click' to command name 'click'
[debug] &amp#27;[35m[AndroidUiautomator2Driver@92b6 (a7325a4a)]&amp#27;[39m Proxying [POST /element/00000000-0000-00c2-ffff-ffff00000016/click] to [POST http://127.0.0.1:8211/session/fa4fa2bd-d208-49b8-bd03-b0d17909c849/element/00000000-0000-00c2-ffff-ffff00000016/click] with body: {"element":"00000000-0000-00c2-ffff-ffff00000016"}
[debug] &amp#27;[35m[AndroidUiautomator2Driver@92b6 (a7325a4a)]&amp#27;[39m Got response with status 200: {"sessionId":"fa4fa2bd-d208-49b8-bd03-b0d17909c849","value":null}
[debug] &amp#27;[35m[AndroidUiautomator2Driver@92b6 (a7325a4a)]&amp#27;[39m Responding to client with driver.click() result: null
&amp#27;[35m[HTTP]&amp#27;[39m &amp#27;[37m<-- POST /session/a7325a4a-9bc6-4008-ba53-93bda555d60b/element/00000000-0000-00c2-ffff-ffff00000016/click &amp#27;[39m&amp#27;[32m200&amp#27;[39m &amp#27;[90m63 ms - 14&amp#27;[39m
&amp#27;[35m[HTTP]&amp#27;[39m &amp#27;[90m&amp#27;[39m
&amp#27;[35m[HTTP]&amp#27;[39m &amp#27;[37m-->&amp#27;[39m &amp#27;[37mGET&amp#27;[39m &amp#27;[37m/session/a7325a4a-9bc6-4008-ba53-93bda555d60b/context&amp#27;[39m
&amp#27;[35m[HTTP]&amp#27;[39m &amp#27;[90m{}&amp#27;[39m
[debug] &amp#27;[35m[AndroidUiautomator2Driver@92b6 (a7325a4a)]&amp#27;[39m Calling AppiumDriver.getCurrentContext() with args: ["a7325a4a-9bc6-4008-ba53-93bda555d60b"]
[debug] &amp#27;[35m[AndroidUiautomator2Driver@92b6 (a7325a4a)]&amp#27;[39m Responding to client with driver.getCurrentContext() result: "NATIVE_APP"
&amp#27;[35m[HTTP]&amp#27;[39m &amp#27;[37m<-- GET /session/a7325a4a-9bc6-4008-ba53-93bda555d60b/context &amp#27;[39m&amp#27;[32m200&amp#27;[39m &amp#27;[90m2 ms - 22&amp#27;[39m
&amp#27;[35m[HTTP]&amp#27;[39m &amp#27;[90m&amp#27;[39m
&amp#27;[35m[HTTP]&amp#27;[39m &amp#27;[37m-->&amp#27;[39m &amp#27;[37mPOST&amp#27;[39m &amp#27;[37m/session/a7325a4a-9bc6-4008-ba53-93bda555d60b/element&amp#27;[39m
&amp#27;[35m[HTTP]&amp#27;[39m &amp#27;[90m{"using":"id","value":"android:id/text1"}&amp#27;[39m
[debug] &amp#27;[35m[AndroidUiautomator2Driver@92b6 (a7325a4a)]&amp#27;[39m Calling AppiumDriver.findElement() with args: ["id","android:id/text1","a7325a4a-9bc6-4008-ba53-93bda555d60b"]
[debug] &amp#27;[35m[AndroidUiautomator2Driver@92b6 (a7325a4a)]&amp#27;[39m Valid locator strategies for this request: xpath, id, class name, accessibility id, css selector, -android uiautomator
[debug] &amp#27;[35m[AndroidUiautomator2Driver@92b6 (a7325a4a)]&amp#27;[39m Waiting up to 10000 ms for condition
[debug] &amp#27;[35m[AndroidUiautomator2Driver@92b6 (a7325a4a)]&amp#27;[39m Matched '/element' to command name 'findElement'
[debug] &amp#27;[35m[AndroidUiautomator2Driver@92b6 (a7325a4a)]&amp#27;[39m Proxying [POST /element] to [POST http://127.0.0.1:8211/session/fa4fa2bd-d208-49b8-bd03-b0d17909c849/element] with body: {"strategy":"id","selector":"android:id/text1","context":"","multiple":false}
[debug] &amp#27;[35m[AndroidUiautomator2Driver@92b6 (a7325a4a)]&amp#27;[39m Got response with status 200: {"sessionId":"fa4fa2bd-d208-49b8-bd03-b0d17909c849","value":{"ELEMENT":"00000000-0000-00c2-ffff-ffff0000001b","element-6066-11e4-a52e-4f735466cecf":"00000000-0000-00c2-ffff-ffff0000001b"}}
[debug] &amp#27;[35m[AndroidUiautomator2Driver@92b6 (a7325a4a)]&amp#27;[39m Responding to client with driver.findElement() result: {"element-6066-11e4-a52e-4f735466cecf":"00000000-0000-00c2-ffff-ffff0000001b","ELEMENT":"00000000-0000-00c2-ffff-ffff0000001b"}
&amp#27;[35m[HTTP]&amp#27;[39m &amp#27;[37m<-- POST /session/a7325a4a-9bc6-4008-ba53-93bda555d60b/element &amp#27;[39m&amp#27;[32m200&amp#27;[39m &amp#27;[90m514 ms - 137&amp#27;[39m
&amp#27;[35m[HTTP]&amp#27;[39m &amp#27;[90m&amp#27;[39m
&amp#27;[35m[HTTP]&amp#27;[39m &amp#27;[37m-->&amp#27;[39m &amp#27;[37mPOST&amp#27;[39m &amp#27;[37m/session/a7325a4a-9bc6-4008-ba53-93bda555d60b/element/00000000-0000-00c2-ffff-ffff0000001b/click&amp#27;[39m
&amp#27;[35m[HTTP]&amp#27;[39m &amp#27;[90m{"id":"00000000-0000-00c2-ffff-ffff0000001b"}&amp#27;[39m
[debug] &amp#27;[35m[AndroidUiautomator2Driver@92b6 (a7325a4a)]&amp#27;[39m Calling AppiumDriver.click() with args: ["00000000-0000-00c2-ffff-ffff0000001b","a7325a4a-9bc6-4008-ba53-93bda555d60b"]
[debug] &amp#27;[35m[AndroidUiautomator2Driver@92b6 (a7325a4a)]&amp#27;[39m Matched '/element/00000000-0000-00c2-ffff-ffff0000001b/click' to command name 'click'
[debug] &amp#27;[35m[AndroidUiautomator2Driver@92b6 (a7325a4a)]&amp#27;[39m Proxying [POST /element/00000000-0000-00c2-ffff-ffff0000001b/click] to [POST http://127.0.0.1:8211/session/fa4fa2bd-d208-49b8-bd03-b0d17909c849/element/00000000-0000-00c2-ffff-ffff0000001b/click] with body: {"element":"00000000-0000-00c2-ffff-ffff0000001b"}
[debug] &amp#27;[35m[AndroidUiautomator2Driver@92b6 (a7325a4a)]&amp#27;[39m Got response with status 200: {"sessionId":"fa4fa2bd-d208-49b8-bd03-b0d17909c849","value":null}
[debug] &amp#27;[35m[AndroidUiautomator2Driver@92b6 (a7325a4a)]&amp#27;[39m Responding to client with driver.click() result: null
&amp#27;[35m[HTTP]&amp#27;[39m &amp#27;[37m<-- POST /session/a7325a4a-9bc6-4008-ba53-93bda555d60b/element/00000000-0000-00c2-ffff-ffff0000001b/click &amp#27;[39m&amp#27;[32m200&amp#27;[39m &amp#27;[90m80 ms - 14&amp#27;[39m
&amp#27;[35m[HTTP]&amp#27;[39m &amp#27;[90m&amp#27;[39m
&amp#27;[35m[HTTP]&amp#27;[39m &amp#27;[37m-->&amp#27;[39m &amp#27;[37mPOST&amp#27;[39m &amp#27;[37m/session/a7325a4a-9bc6-4008-ba53-93bda555d60b/element&amp#27;[39m
&amp#27;[35m[HTTP]&amp#27;[39m &amp#27;[90m{"using":"-android uiautomator","value":"new UiScrollable(new UiSelector()).scrollIntoView(text(\"Argentina\"));"}&amp#27;[39m
[debug] &amp#27;[35m[AndroidUiautomator2Driver@92b6 (a7325a4a)]&amp#27;[39m Calling AppiumDriver.findElement() with args: ["-android uiautomator","new UiScrollable(new UiSelector()).scrollIntoView(text(\"Argentina\"));","a7325a4a-9bc6-4008-ba53-93bda555d60b"]
[debug] &amp#27;[35m[AndroidUiautomator2Driver@92b6 (a7325a4a)]&amp#27;[39m Valid locator strategies for this request: xpath, id, class name, accessibility id, css selector, -android uiautomator
[debug] &amp#27;[35m[AndroidUiautomator2Driver@92b6 (a7325a4a)]&amp#27;[39m Waiting up to 10000 ms for condition
[debug] &amp#27;[35m[AndroidUiautomator2Driver@92b6 (a7325a4a)]&amp#27;[39m Matched '/element' to command name 'findElement'
[debug] &amp#27;[35m[AndroidUiautomator2Driver@92b6 (a7325a4a)]&amp#27;[39m Proxying [POST /element] to [POST http://127.0.0.1:8211/session/fa4fa2bd-d208-49b8-bd03-b0d17909c849/element] with body: {"strategy":"-android uiautomator","selector":"new UiScrollable(new UiSelector()).scrollIntoView(text(\"Argentina\"));","context":"","multiple":false}
[debug] &amp#27;[35m[AndroidUiautomator2Driver@92b6 (a7325a4a)]&amp#27;[39m Got response with status 200: {"sessionId":"fa4fa2bd-d208-49b8-bd03-b0d17909c849","value":{"ELEMENT":"00000000-0000-00c3-ffff-ffff00000020","element-6066-11e4-a52e-4f735466cecf":"00000000-0000-00c3-ffff-ffff00000020"}}
[debug] &amp#27;[35m[AndroidUiautomator2Driver@92b6 (a7325a4a)]&amp#27;[39m Responding to client with driver.findElement() result: {"element-6066-11e4-a52e-4f735466cecf":"00000000-0000-00c3-ffff-ffff00000020","ELEMENT":"00000000-0000-00c3-ffff-ffff00000020"}
&amp#27;[35m[HTTP]&amp#27;[39m &amp#27;[37m<-- POST /session/a7325a4a-9bc6-4008-ba53-93bda555d60b/element &amp#27;[39m&amp#27;[32m200&amp#27;[39m &amp#27;[90m4563 ms - 137&amp#27;[39m
&amp#27;[35m[HTTP]&amp#27;[39m &amp#27;[90m&amp#27;[39m
&amp#27;[35m[HTTP]&amp#27;[39m &amp#27;[37m-->&amp#27;[39m &amp#27;[37mPOST&amp#27;[39m &amp#27;[37m/session/a7325a4a-9bc6-4008-ba53-93bda555d60b/element&amp#27;[39m
&amp#27;[35m[HTTP]&amp#27;[39m &amp#27;[90m{"using":"xpath","value":"//android.widget.TextView[@text='Argentina']"}&amp#27;[39m
[debug] &amp#27;[35m[AndroidUiautomator2Driver@92b6 (a7325a4a)]&amp#27;[39m Calling AppiumDriver.findElement() with args: ["xpath","//android.widget.TextView[@text='Argentina']","a7325a4a-9bc6-4008-ba53-93bda555d60b"]
[debug] &amp#27;[35m[AndroidUiautomator2Driver@92b6 (a7325a4a)]&amp#27;[39m Valid locator strategies for this request: xpath, id, class name, accessibility id, css selector, -android uiautomator
[debug] &amp#27;[35m[AndroidUiautomator2Driver@92b6 (a7325a4a)]&amp#27;[39m Waiting up to 10000 ms for condition
[debug] &amp#27;[35m[AndroidUiautomator2Driver@92b6 (a7325a4a)]&amp#27;[39m Matched '/element' to command name 'findElement'
[debug] &amp#27;[35m[AndroidUiautomator2Driver@92b6 (a7325a4a)]&amp#27;[39m Proxying [POST /element] to [POST http://127.0.0.1:8211/session/fa4fa2bd-d208-49b8-bd03-b0d17909c849/element] with body: {"strategy":"xpath","selector":"//android.widget.TextView[@text='Argentina']","context":"","multiple":false}
[debug] &amp#27;[35m[AndroidUiautomator2Driver@92b6 (a7325a4a)]&amp#27;[39m Got response with status 200: {"sessionId":"fa4fa2bd-d208-49b8-bd03-b0d17909c849","value":{"ELEMENT":"00000000-0000-00c3-ffff-ffff00000020","element-6066-11e4-a52e-4f735466cecf":"00000000-0000-00c3-ffff-ffff00000020"}}
[debug] &amp#27;[35m[AndroidUiautomator2Driver@92b6 (a7325a4a)]&amp#27;[39m Responding to client with driver.findElement() result: {"element-6066-11e4-a52e-4f735466cecf":"00000000-0000-00c3-ffff-ffff00000020","ELEMENT":"00000000-0000-00c3-ffff-ffff00000020"}
&amp#27;[35m[HTTP]&amp#27;[39m &amp#27;[37m<-- POST /session/a7325a4a-9bc6-4008-ba53-93bda555d60b/element &amp#27;[39m&amp#27;[32m200&amp#27;[39m &amp#27;[90m86 ms - 137&amp#27;[39m
&amp#27;[35m[HTTP]&amp#27;[39m &amp#27;[90m&amp#27;[39m
&amp#27;[35m[HTTP]&amp#27;[39m &amp#27;[37m-->&amp#27;[39m &amp#27;[37mPOST&amp#27;[39m &amp#27;[37m/session/a7325a4a-9bc6-4008-ba53-93bda555d60b/element/00000000-0000-00c3-ffff-ffff00000020/click&amp#27;[39m
&amp#27;[35m[HTTP]&amp#27;[39m &amp#27;[90m{"id":"00000000-0000-00c3-ffff-ffff00000020"}&amp#27;[39m
[debug] &amp#27;[35m[AndroidUiautomator2Driver@92b6 (a7325a4a)]&amp#27;[39m Calling AppiumDriver.click() with args: ["00000000-0000-00c3-ffff-ffff00000020","a7325a4a-9bc6-4008-ba53-93bda555d60b"]
[debug] &amp#27;[35m[AndroidUiautomator2Driver@92b6 (a7325a4a)]&amp#27;[39m Matched '/element/00000000-0000-00c3-ffff-ffff00000020/click' to command name 'click'
[debug] &amp#27;[35m[AndroidUiautomator2Driver@92b6 (a7325a4a)]&amp#27;[39m Proxying [POST /element/00000000-0000-00c3-ffff-ffff00000020/click] to [POST http://127.0.0.1:8211/session/fa4fa2bd-d208-49b8-bd03-b0d17909c849/element/00000000-0000-00c3-ffff-ffff00000020/click] with body: {"element":"00000000-0000-00c3-ffff-ffff00000020"}
[debug] &amp#27;[35m[AndroidUiautomator2Driver@92b6 (a7325a4a)]&amp#27;[39m Got response with status 200: {"sessionId":"fa4fa2bd-d208-49b8-bd03-b0d17909c849","value":null}
[debug] &amp#27;[35m[AndroidUiautomator2Driver@92b6 (a7325a4a)]&amp#27;[39m Responding to client with driver.click() result: null
&amp#27;[35m[HTTP]&amp#27;[39m &amp#27;[37m<-- POST /session/a7325a4a-9bc6-4008-ba53-93bda555d60b/element/00000000-0000-00c3-ffff-ffff00000020/click &amp#27;[39m&amp#27;[32m200&amp#27;[39m &amp#27;[90m680 ms - 14&amp#27;[39m
&amp#27;[35m[HTTP]&amp#27;[39m &amp#27;[90m&amp#27;[39m
&amp#27;[35m[HTTP]&amp#27;[39m &amp#27;[37m-->&amp#27;[39m &amp#27;[37mGET&amp#27;[39m &amp#27;[37m/session/a7325a4a-9bc6-4008-ba53-93bda555d60b/context&amp#27;[39m
&amp#27;[35m[HTTP]&amp#27;[39m &amp#27;[90m{}&amp#27;[39m
[debug] &amp#27;[35m[AndroidUiautomator2Driver@92b6 (a7325a4a)]&amp#27;[39m Calling AppiumDriver.getCurrentContext() with args: ["a7325a4a-9bc6-4008-ba53-93bda555d60b"]
[debug] &amp#27;[35m[AndroidUiautomator2Driver@92b6 (a7325a4a)]&amp#27;[39m Responding to client with driver.getCurrentContext() result: "NATIVE_APP"
&amp#27;[35m[HTTP]&amp#27;[39m &amp#27;[37m<-- GET /session/a7325a4a-9bc6-4008-ba53-93bda555d60b/context &amp#27;[39m&amp#27;[32m200&amp#27;[39m &amp#27;[90m2 ms - 22&amp#27;[39m
&amp#27;[35m[HTTP]&amp#27;[39m &amp#27;[90m&amp#27;[39m
&amp#27;[35m[HTTP]&amp#27;[39m &amp#27;[37m-->&amp#27;[39m &amp#27;[37mPOST&amp#27;[39m &amp#27;[37m/session/a7325a4a-9bc6-4008-ba53-93bda555d60b/element&amp#27;[39m
&amp#27;[35m[HTTP]&amp#27;[39m &amp#27;[90m{"using":"id","value":"com.androidsample.generalstore:id/btnLetsShop"}&amp#27;[39m
[debug] &amp#27;[35m[AndroidUiautomator2Driver@92b6 (a7325a4a)]&amp#27;[39m Calling AppiumDriver.findElement() with args: ["id","com.androidsample.generalstore:id/btnLetsShop","a7325a4a-9bc6-4008-ba53-93bda555d60b"]
[debug] &amp#27;[35m[AndroidUiautomator2Driver@92b6 (a7325a4a)]&amp#27;[39m Valid locator strategies for this request: xpath, id, class name, accessibility id, css selector, -android uiautomator
[debug] &amp#27;[35m[AndroidUiautomator2Driver@92b6 (a7325a4a)]&amp#27;[39m Waiting up to 10000 ms for condition
[debug] &amp#27;[35m[AndroidUiautomator2Driver@92b6 (a7325a4a)]&amp#27;[39m Matched '/element' to command name 'findElement'
[debug] &amp#27;[35m[AndroidUiautomator2Driver@92b6 (a7325a4a)]&amp#27;[39m Proxying [POST /element] to [POST http://127.0.0.1:8211/session/fa4fa2bd-d208-49b8-bd03-b0d17909c849/element] with body: {"strategy":"id","selector":"com.androidsample.generalstore:id/btnLetsShop","context":"","multiple":false}
[debug] &amp#27;[35m[AndroidUiautomator2Driver@92b6 (a7325a4a)]&amp#27;[39m Got response with status 200: {"sessionId":"fa4fa2bd-d208-49b8-bd03-b0d17909c849","value":{"ELEMENT":"00000000-0000-00c2-ffff-ffff00000018","element-6066-11e4-a52e-4f735466cecf":"00000000-0000-00c2-ffff-ffff00000018"}}
[debug] &amp#27;[35m[AndroidUiautomator2Driver@92b6 (a7325a4a)]&amp#27;[39m Responding to client with driver.findElement() result: {"element-6066-11e4-a52e-4f735466cecf":"00000000-0000-00c2-ffff-ffff00000018","ELEMENT":"00000000-0000-00c2-ffff-ffff00000018"}
&amp#27;[35m[HTTP]&amp#27;[39m &amp#27;[37m<-- POST /session/a7325a4a-9bc6-4008-ba53-93bda555d60b/element &amp#27;[39m&amp#27;[32m200&amp#27;[39m &amp#27;[90m18 ms - 137&amp#27;[39m
&amp#27;[35m[HTTP]&amp#27;[39m &amp#27;[90m&amp#27;[39m
&amp#27;[35m[HTTP]&amp#27;[39m &amp#27;[37m-->&amp#27;[39m &amp#27;[37mPOST&amp#27;[39m &amp#27;[37m/session/a7325a4a-9bc6-4008-ba53-93bda555d60b/element/00000000-0000-00c2-ffff-ffff00000018/click&amp#27;[39m
&amp#27;[35m[HTTP]&amp#27;[39m &amp#27;[90m{"id":"00000000-0000-00c2-ffff-ffff00000018"}&amp#27;[39m
[debug] &amp#27;[35m[AndroidUiautomator2Driver@92b6 (a7325a4a)]&amp#27;[39m Calling AppiumDriver.click() with args: ["00000000-0000-00c2-ffff-ffff00000018","a7325a4a-9bc6-4008-ba53-93bda555d60b"]
[debug] &amp#27;[35m[AndroidUiautomator2Driver@92b6 (a7325a4a)]&amp#27;[39m Matched '/element/00000000-0000-00c2-ffff-ffff00000018/click' to command name 'click'
[debug] &amp#27;[35m[AndroidUiautomator2Driver@92b6 (a7325a4a)]&amp#27;[39m Proxying [POST /element/00000000-0000-00c2-ffff-ffff00000018/click] to [POST http://127.0.0.1:8211/session/fa4fa2bd-d208-49b8-bd03-b0d17909c849/element/00000000-0000-00c2-ffff-ffff00000018/click] with body: {"element":"00000000-0000-00c2-ffff-ffff00000018"}
[debug] &amp#27;[35m[AndroidUiautomator2Driver@92b6 (a7325a4a)]&amp#27;[39m Got response with status 200: {"sessionId":"fa4fa2bd-d208-49b8-bd03-b0d17909c849","value":null}
[debug] &amp#27;[35m[AndroidUiautomator2Driver@92b6 (a7325a4a)]&amp#27;[39m Responding to client with driver.click() result: null
&amp#27;[35m[HTTP]&amp#27;[39m &amp#27;[37m<-- POST /session/a7325a4a-9bc6-4008-ba53-93bda555d60b/element/00000000-0000-00c2-ffff-ffff00000018/click &amp#27;[39m&amp#27;[32m200&amp#27;[39m &amp#27;[90m43 ms - 14&amp#27;[39m
&amp#27;[35m[HTTP]&amp#27;[39m &amp#27;[90m&amp#27;[39m
]]></system-out>
    <system-err><![CDATA[SLF4J: Failed to load class "org.slf4j.impl.StaticLoggerBinder".
SLF4J: Defaulting to no-operation (NOP) logger implementation
SLF4J: See http://www.slf4j.org/codes.html#StaticLoggerBinder for further details.
]]></system-err>
  </testcase>
  <testcase name="formFill[{name=rohit, country=Argentina, gender=female}](2)" classname="org.rahulAppium.testCase.TC_01_Ecommerce" time="9.363">
    <system-out><![CDATA[&amp#27;[35m[HTTP]&amp#27;[39m &amp#27;[37m-->&amp#27;[39m &amp#27;[37mPOST&amp#27;[39m &amp#27;[37m/session/a7325a4a-9bc6-4008-ba53-93bda555d60b/appium/device/start_activity&amp#27;[39m
&amp#27;[35m[HTTP]&amp#27;[39m &amp#27;[90m{"appPackage":"com.androidsample.generalstore","appActivity":"com.androidsample.generalstore.MainActivity","appWaitPackage":"","appWaitActivity":"","dontStopAppOnReset":false,"intentAction":"","intentCategory":"","intentFlags":"","optionalIntentArguments":""}&amp#27;[39m
[debug] &amp#27;[35m[AndroidUiautomator2Driver@92b6 (a7325a4a)]&amp#27;[39m Calling AppiumDriver.startActivity() with args: ["com.androidsample.generalstore","com.androidsample.generalstore.MainActivity","","","","","","",false,null,null,"a7325a4a-9bc6-4008-ba53-93bda555d60b"]
[debug] &amp#27;[35m[AndroidUiautomator2Driver@92b6 (a7325a4a)]&amp#27;[39m Starting package 'com.androidsample.generalstore' and activity 'com.androidsample.generalstore.MainActivity'
[debug] &amp#27;[35m[ADB]&amp#27;[39m Running 'C:\Users\Rahul\AppData\Local\Android\Sdk\platform-tools\adb.exe -P 5037 -s emulator-5554 shell am start -W -n com.androidsample.generalstore/com.androidsample.generalstore.MainActivity -S'
[debug] &amp#27;[35m[ADB]&amp#27;[39m Waiting up to 20000ms for activity matching pkg: 'com.androidsample.generalstore' and activity: 'com.androidsample.generalstore.MainActivity' to be focused
[debug] &amp#27;[35m[ADB]&amp#27;[39m Possible activities, to be checked: 'com.androidsample.generalstore.MainActivity', 'com.androidsample.generalstore.com.androidsample.generalstore.MainActivity'
[debug] &amp#27;[35m[ADB]&amp#27;[39m Getting focused package and activity
[debug] &amp#27;[35m[ADB]&amp#27;[39m Running 'C:\Users\Rahul\AppData\Local\Android\Sdk\platform-tools\adb.exe -P 5037 -s emulator-5554 shell dumpsys window displays'
[debug] &amp#27;[35m[ADB]&amp#27;[39m Found package: 'com.androidsample.generalstore' and fully qualified activity name : 'com.androidsample.generalstore.MainActivity'
[debug] &amp#27;[35m[AndroidUiautomator2Driver@92b6 (a7325a4a)]&amp#27;[39m Responding to client with driver.startActivity() result: null
&amp#27;[35m[HTTP]&amp#27;[39m &amp#27;[37m<-- POST /session/a7325a4a-9bc6-4008-ba53-93bda555d60b/appium/device/start_activity &amp#27;[39m&amp#27;[32m200&amp#27;[39m &amp#27;[90m1293 ms - 14&amp#27;[39m
&amp#27;[35m[HTTP]&amp#27;[39m &amp#27;[90m&amp#27;[39m
&amp#27;[35m[HTTP]&amp#27;[39m &amp#27;[37m-->&amp#27;[39m &amp#27;[37mGET&amp#27;[39m &amp#27;[37m/session/a7325a4a-9bc6-4008-ba53-93bda555d60b/context&amp#27;[39m
&amp#27;[35m[HTTP]&amp#27;[39m &amp#27;[90m{}&amp#27;[39m
[debug] &amp#27;[35m[AndroidUiautomator2Driver@92b6 (a7325a4a)]&amp#27;[39m Calling AppiumDriver.getCurrentContext() with args: ["a7325a4a-9bc6-4008-ba53-93bda555d60b"]
[debug] &amp#27;[35m[AndroidUiautomator2Driver@92b6 (a7325a4a)]&amp#27;[39m Responding to client with driver.getCurrentContext() result: "NATIVE_APP"
&amp#27;[35m[HTTP]&amp#27;[39m &amp#27;[37m<-- GET /session/a7325a4a-9bc6-4008-ba53-93bda555d60b/context &amp#27;[39m&amp#27;[32m200&amp#27;[39m &amp#27;[90m4 ms - 22&amp#27;[39m
&amp#27;[35m[HTTP]&amp#27;[39m &amp#27;[90m&amp#27;[39m
&amp#27;[35m[HTTP]&amp#27;[39m &amp#27;[37m-->&amp#27;[39m &amp#27;[37mPOST&amp#27;[39m &amp#27;[37m/session/a7325a4a-9bc6-4008-ba53-93bda555d60b/element&amp#27;[39m
&amp#27;[35m[HTTP]&amp#27;[39m &amp#27;[90m{"using":"id","value":"com.androidsample.generalstore:id/nameField"}&amp#27;[39m
[debug] &amp#27;[35m[AndroidUiautomator2Driver@92b6 (a7325a4a)]&amp#27;[39m Calling AppiumDriver.findElement() with args: ["id","com.androidsample.generalstore:id/nameField","a7325a4a-9bc6-4008-ba53-93bda555d60b"]
[debug] &amp#27;[35m[AndroidUiautomator2Driver@92b6 (a7325a4a)]&amp#27;[39m Valid locator strategies for this request: xpath, id, class name, accessibility id, css selector, -android uiautomator
[debug] &amp#27;[35m[AndroidUiautomator2Driver@92b6 (a7325a4a)]&amp#27;[39m Waiting up to 10000 ms for condition
[debug] &amp#27;[35m[AndroidUiautomator2Driver@92b6 (a7325a4a)]&amp#27;[39m Matched '/element' to command name 'findElement'
[debug] &amp#27;[35m[AndroidUiautomator2Driver@92b6 (a7325a4a)]&amp#27;[39m Proxying [POST /element] to [POST http://127.0.0.1:8211/session/fa4fa2bd-d208-49b8-bd03-b0d17909c849/element] with body: {"strategy":"id","selector":"com.androidsample.generalstore:id/nameField","context":"","multiple":false}
[debug] &amp#27;[35m[AndroidUiautomator2Driver@92b6 (a7325a4a)]&amp#27;[39m Got response with status 200: {"sessionId":"fa4fa2bd-d208-49b8-bd03-b0d17909c849","value":{"ELEMENT":"00000000-0000-00c5-ffff-ffff00000013","element-6066-11e4-a52e-4f735466cecf":"00000000-0000-00c5-ffff-ffff00000013"}}
[debug] &amp#27;[35m[AndroidUiautomator2Driver@92b6 (a7325a4a)]&amp#27;[39m Responding to client with driver.findElement() result: {"element-6066-11e4-a52e-4f735466cecf":"00000000-0000-00c5-ffff-ffff00000013","ELEMENT":"00000000-0000-00c5-ffff-ffff00000013"}
&amp#27;[35m[HTTP]&amp#27;[39m &amp#27;[37m<-- POST /session/a7325a4a-9bc6-4008-ba53-93bda555d60b/element &amp#27;[39m&amp#27;[32m200&amp#27;[39m &amp#27;[90m365 ms - 137&amp#27;[39m
&amp#27;[35m[HTTP]&amp#27;[39m &amp#27;[90m&amp#27;[39m
&amp#27;[35m[HTTP]&amp#27;[39m &amp#27;[37m-->&amp#27;[39m &amp#27;[37mPOST&amp#27;[39m &amp#27;[37m/session/a7325a4a-9bc6-4008-ba53-93bda555d60b/element/00000000-0000-00c5-ffff-ffff00000013/value&amp#27;[39m
&amp#27;[35m[HTTP]&amp#27;[39m &amp#27;[90m{"id":"00000000-0000-00c5-ffff-ffff00000013","text":"rohit","value":["r","o","h","i","t"]}&amp#27;[39m
[debug] &amp#27;[35m[AndroidUiautomator2Driver@92b6 (a7325a4a)]&amp#27;[39m Calling AppiumDriver.setValue() with args: [["r","o","h","i","t"],"00000000-0000-00c5-ffff-ffff00000013","a7325a4a-9bc6-4008-ba53-93bda555d60b"]
[debug] &amp#27;[35m[AndroidUiautomator2Driver@92b6 (a7325a4a)]&amp#27;[39m Matched '/element/00000000-0000-00c5-ffff-ffff00000013/value' to command name 'setValue'
[debug] &amp#27;[35m[AndroidUiautomator2Driver@92b6 (a7325a4a)]&amp#27;[39m Added 'value' property ["r","o","h","i","t"] to 'setValue' request body
[debug] &amp#27;[35m[AndroidUiautomator2Driver@92b6 (a7325a4a)]&amp#27;[39m Proxying [POST /element/00000000-0000-00c5-ffff-ffff00000013/value] to [POST http://127.0.0.1:8211/session/fa4fa2bd-d208-49b8-bd03-b0d17909c849/element/00000000-0000-00c5-ffff-ffff00000013/value] with body: {"elementId":"00000000-0000-00c5-ffff-ffff00000013","text":"rohit","replace":false,"value":["r","o","h","i","t"]}
[debug] &amp#27;[35m[AndroidUiautomator2Driver@92b6 (a7325a4a)]&amp#27;[39m Got response with status 200: {"sessionId":"fa4fa2bd-d208-49b8-bd03-b0d17909c849","value":null}
[debug] &amp#27;[35m[AndroidUiautomator2Driver@92b6 (a7325a4a)]&amp#27;[39m Responding to client with driver.setValue() result: null
&amp#27;[35m[HTTP]&amp#27;[39m &amp#27;[37m<-- POST /session/a7325a4a-9bc6-4008-ba53-93bda555d60b/element/00000000-0000-00c5-ffff-ffff00000013/value &amp#27;[39m&amp#27;[32m200&amp#27;[39m &amp#27;[90m544 ms - 14&amp#27;[39m
&amp#27;[35m[HTTP]&amp#27;[39m &amp#27;[90m&amp#27;[39m
&amp#27;[35m[HTTP]&amp#27;[39m &amp#27;[37m-->&amp#27;[39m &amp#27;[37mPOST&amp#27;[39m &amp#27;[37m/session/a7325a4a-9bc6-4008-ba53-93bda555d60b/appium/device/hide_keyboard&amp#27;[39m
&amp#27;[35m[HTTP]&amp#27;[39m &amp#27;[90m{}&amp#27;[39m
[debug] &amp#27;[35m[AndroidUiautomator2Driver@92b6 (a7325a4a)]&amp#27;[39m Calling AppiumDriver.hideKeyboard() with args: [null,null,null,null,"a7325a4a-9bc6-4008-ba53-93bda555d60b"]
[debug] &amp#27;[35m[ADB]&amp#27;[39m Running 'C:\Users\Rahul\AppData\Local\Android\Sdk\platform-tools\adb.exe -P 5037 -s emulator-5554 shell dumpsys input_method'
&amp#27;[35m[ADB]&amp#27;[39m Keyboard has no UI; no closing necessary
[debug] &amp#27;[35m[AndroidUiautomator2Driver@92b6 (a7325a4a)]&amp#27;[39m Responding to client with driver.hideKeyboard() result: false
&amp#27;[35m[HTTP]&amp#27;[39m &amp#27;[37m<-- POST /session/a7325a4a-9bc6-4008-ba53-93bda555d60b/appium/device/hide_keyboard &amp#27;[39m&amp#27;[32m200&amp#27;[39m &amp#27;[90m150 ms - 15&amp#27;[39m
&amp#27;[35m[HTTP]&amp#27;[39m &amp#27;[90m&amp#27;[39m
&amp#27;[35m[HTTP]&amp#27;[39m &amp#27;[37m-->&amp#27;[39m &amp#27;[37mGET&amp#27;[39m &amp#27;[37m/session/a7325a4a-9bc6-4008-ba53-93bda555d60b/context&amp#27;[39m
&amp#27;[35m[HTTP]&amp#27;[39m &amp#27;[90m{}&amp#27;[39m
[debug] &amp#27;[35m[AndroidUiautomator2Driver@92b6 (a7325a4a)]&amp#27;[39m Calling AppiumDriver.getCurrentContext() with args: ["a7325a4a-9bc6-4008-ba53-93bda555d60b"]
[debug] &amp#27;[35m[AndroidUiautomator2Driver@92b6 (a7325a4a)]&amp#27;[39m Responding to client with driver.getCurrentContext() result: "NATIVE_APP"
&amp#27;[35m[HTTP]&amp#27;[39m &amp#27;[37m<-- GET /session/a7325a4a-9bc6-4008-ba53-93bda555d60b/context &amp#27;[39m&amp#27;[32m200&amp#27;[39m &amp#27;[90m4 ms - 22&amp#27;[39m
&amp#27;[35m[HTTP]&amp#27;[39m &amp#27;[90m&amp#27;[39m
&amp#27;[35m[HTTP]&amp#27;[39m &amp#27;[37m-->&amp#27;[39m &amp#27;[37mPOST&amp#27;[39m &amp#27;[37m/session/a7325a4a-9bc6-4008-ba53-93bda555d60b/element&amp#27;[39m
&amp#27;[35m[HTTP]&amp#27;[39m &amp#27;[90m{"using":"xpath","value":"//android.widget.RadioButton[@text='Male']"}&amp#27;[39m
[debug] &amp#27;[35m[AndroidUiautomator2Driver@92b6 (a7325a4a)]&amp#27;[39m Calling AppiumDriver.findElement() with args: ["xpath","//android.widget.RadioButton[@text='Male']","a7325a4a-9bc6-4008-ba53-93bda555d60b"]
[debug] &amp#27;[35m[AndroidUiautomator2Driver@92b6 (a7325a4a)]&amp#27;[39m Valid locator strategies for this request: xpath, id, class name, accessibility id, css selector, -android uiautomator
[debug] &amp#27;[35m[AndroidUiautomator2Driver@92b6 (a7325a4a)]&amp#27;[39m Waiting up to 10000 ms for condition
[debug] &amp#27;[35m[AndroidUiautomator2Driver@92b6 (a7325a4a)]&amp#27;[39m Matched '/element' to command name 'findElement'
[debug] &amp#27;[35m[AndroidUiautomator2Driver@92b6 (a7325a4a)]&amp#27;[39m Proxying [POST /element] to [POST http://127.0.0.1:8211/session/fa4fa2bd-d208-49b8-bd03-b0d17909c849/element] with body: {"strategy":"xpath","selector":"//android.widget.RadioButton[@text='Male']","context":"","multiple":false}
[debug] &amp#27;[35m[AndroidUiautomator2Driver@92b6 (a7325a4a)]&amp#27;[39m Got response with status 200: {"sessionId":"fa4fa2bd-d208-49b8-bd03-b0d17909c849","value":{"ELEMENT":"00000000-0000-00c5-ffff-ffff00000016","element-6066-11e4-a52e-4f735466cecf":"00000000-0000-00c5-ffff-ffff00000016"}}
[debug] &amp#27;[35m[AndroidUiautomator2Driver@92b6 (a7325a4a)]&amp#27;[39m Responding to client with driver.findElement() result: {"element-6066-11e4-a52e-4f735466cecf":"00000000-0000-00c5-ffff-ffff00000016","ELEMENT":"00000000-0000-00c5-ffff-ffff00000016"}
&amp#27;[35m[HTTP]&amp#27;[39m &amp#27;[37m<-- POST /session/a7325a4a-9bc6-4008-ba53-93bda555d60b/element &amp#27;[39m&amp#27;[32m200&amp#27;[39m &amp#27;[90m374 ms - 137&amp#27;[39m
&amp#27;[35m[HTTP]&amp#27;[39m &amp#27;[90m&amp#27;[39m
&amp#27;[35m[HTTP]&amp#27;[39m &amp#27;[37m-->&amp#27;[39m &amp#27;[37mPOST&amp#27;[39m &amp#27;[37m/session/a7325a4a-9bc6-4008-ba53-93bda555d60b/element/00000000-0000-00c5-ffff-ffff00000016/click&amp#27;[39m
&amp#27;[35m[HTTP]&amp#27;[39m &amp#27;[90m{"id":"00000000-0000-00c5-ffff-ffff00000016"}&amp#27;[39m
[debug] &amp#27;[35m[AndroidUiautomator2Driver@92b6 (a7325a4a)]&amp#27;[39m Calling AppiumDriver.click() with args: ["00000000-0000-00c5-ffff-ffff00000016","a7325a4a-9bc6-4008-ba53-93bda555d60b"]
[debug] &amp#27;[35m[AndroidUiautomator2Driver@92b6 (a7325a4a)]&amp#27;[39m Matched '/element/00000000-0000-00c5-ffff-ffff00000016/click' to command name 'click'
[debug] &amp#27;[35m[AndroidUiautomator2Driver@92b6 (a7325a4a)]&amp#27;[39m Proxying [POST /element/00000000-0000-00c5-ffff-ffff00000016/click] to [POST http://127.0.0.1:8211/session/fa4fa2bd-d208-49b8-bd03-b0d17909c849/element/00000000-0000-00c5-ffff-ffff00000016/click] with body: {"element":"00000000-0000-00c5-ffff-ffff00000016"}
[debug] &amp#27;[35m[AndroidUiautomator2Driver@92b6 (a7325a4a)]&amp#27;[39m Got response with status 200: {"sessionId":"fa4fa2bd-d208-49b8-bd03-b0d17909c849","value":null}
[debug] &amp#27;[35m[AndroidUiautomator2Driver@92b6 (a7325a4a)]&amp#27;[39m Responding to client with driver.click() result: null
&amp#27;[35m[HTTP]&amp#27;[39m &amp#27;[37m<-- POST /session/a7325a4a-9bc6-4008-ba53-93bda555d60b/element/00000000-0000-00c5-ffff-ffff00000016/click &amp#27;[39m&amp#27;[32m200&amp#27;[39m &amp#27;[90m46 ms - 14&amp#27;[39m
&amp#27;[35m[HTTP]&amp#27;[39m &amp#27;[90m&amp#27;[39m
&amp#27;[35m[HTTP]&amp#27;[39m &amp#27;[37m-->&amp#27;[39m &amp#27;[37mGET&amp#27;[39m &amp#27;[37m/session/a7325a4a-9bc6-4008-ba53-93bda555d60b/context&amp#27;[39m
&amp#27;[35m[HTTP]&amp#27;[39m &amp#27;[90m{}&amp#27;[39m
[debug] &amp#27;[35m[AndroidUiautomator2Driver@92b6 (a7325a4a)]&amp#27;[39m Calling AppiumDriver.getCurrentContext() with args: ["a7325a4a-9bc6-4008-ba53-93bda555d60b"]
[debug] &amp#27;[35m[AndroidUiautomator2Driver@92b6 (a7325a4a)]&amp#27;[39m Responding to client with driver.getCurrentContext() result: "NATIVE_APP"
&amp#27;[35m[HTTP]&amp#27;[39m &amp#27;[37m<-- GET /session/a7325a4a-9bc6-4008-ba53-93bda555d60b/context &amp#27;[39m&amp#27;[32m200&amp#27;[39m &amp#27;[90m3 ms - 22&amp#27;[39m
&amp#27;[35m[HTTP]&amp#27;[39m &amp#27;[90m&amp#27;[39m
&amp#27;[35m[HTTP]&amp#27;[39m &amp#27;[37m-->&amp#27;[39m &amp#27;[37mPOST&amp#27;[39m &amp#27;[37m/session/a7325a4a-9bc6-4008-ba53-93bda555d60b/element&amp#27;[39m
&amp#27;[35m[HTTP]&amp#27;[39m &amp#27;[90m{"using":"id","value":"android:id/text1"}&amp#27;[39m
[debug] &amp#27;[35m[AndroidUiautomator2Driver@92b6 (a7325a4a)]&amp#27;[39m Calling AppiumDriver.findElement() with args: ["id","android:id/text1","a7325a4a-9bc6-4008-ba53-93bda555d60b"]
[debug] &amp#27;[35m[AndroidUiautomator2Driver@92b6 (a7325a4a)]&amp#27;[39m Valid locator strategies for this request: xpath, id, class name, accessibility id, css selector, -android uiautomator
[debug] &amp#27;[35m[AndroidUiautomator2Driver@92b6 (a7325a4a)]&amp#27;[39m Waiting up to 10000 ms for condition
[debug] &amp#27;[35m[AndroidUiautomator2Driver@92b6 (a7325a4a)]&amp#27;[39m Matched '/element' to command name 'findElement'
[debug] &amp#27;[35m[AndroidUiautomator2Driver@92b6 (a7325a4a)]&amp#27;[39m Proxying [POST /element] to [POST http://127.0.0.1:8211/session/fa4fa2bd-d208-49b8-bd03-b0d17909c849/element] with body: {"strategy":"id","selector":"android:id/text1","context":"","multiple":false}
[debug] &amp#27;[35m[AndroidUiautomator2Driver@92b6 (a7325a4a)]&amp#27;[39m Got response with status 200: {"sessionId":"fa4fa2bd-d208-49b8-bd03-b0d17909c849","value":{"ELEMENT":"00000000-0000-00c5-ffff-ffff0000001b","element-6066-11e4-a52e-4f735466cecf":"00000000-0000-00c5-ffff-ffff0000001b"}}
[debug] &amp#27;[35m[AndroidUiautomator2Driver@92b6 (a7325a4a)]&amp#27;[39m Responding to client with driver.findElement() result: {"element-6066-11e4-a52e-4f735466cecf":"00000000-0000-00c5-ffff-ffff0000001b","ELEMENT":"00000000-0000-00c5-ffff-ffff0000001b"}
&amp#27;[35m[HTTP]&amp#27;[39m &amp#27;[37m<-- POST /session/a7325a4a-9bc6-4008-ba53-93bda555d60b/element &amp#27;[39m&amp#27;[32m200&amp#27;[39m &amp#27;[90m502 ms - 137&amp#27;[39m
&amp#27;[35m[HTTP]&amp#27;[39m &amp#27;[90m&amp#27;[39m
&amp#27;[35m[HTTP]&amp#27;[39m &amp#27;[37m-->&amp#27;[39m &amp#27;[37mPOST&amp#27;[39m &amp#27;[37m/session/a7325a4a-9bc6-4008-ba53-93bda555d60b/element/00000000-0000-00c5-ffff-ffff0000001b/click&amp#27;[39m
&amp#27;[35m[HTTP]&amp#27;[39m &amp#27;[90m{"id":"00000000-0000-00c5-ffff-ffff0000001b"}&amp#27;[39m
[debug] &amp#27;[35m[AndroidUiautomator2Driver@92b6 (a7325a4a)]&amp#27;[39m Calling AppiumDriver.click() with args: ["00000000-0000-00c5-ffff-ffff0000001b","a7325a4a-9bc6-4008-ba53-93bda555d60b"]
[debug] &amp#27;[35m[AndroidUiautomator2Driver@92b6 (a7325a4a)]&amp#27;[39m Matched '/element/00000000-0000-00c5-ffff-ffff0000001b/click' to command name 'click'
[debug] &amp#27;[35m[AndroidUiautomator2Driver@92b6 (a7325a4a)]&amp#27;[39m Proxying [POST /element/00000000-0000-00c5-ffff-ffff0000001b/click] to [POST http://127.0.0.1:8211/session/fa4fa2bd-d208-49b8-bd03-b0d17909c849/element/00000000-0000-00c5-ffff-ffff0000001b/click] with body: {"element":"00000000-0000-00c5-ffff-ffff0000001b"}
[debug] &amp#27;[35m[AndroidUiautomator2Driver@92b6 (a7325a4a)]&amp#27;[39m Got response with status 200: {"sessionId":"fa4fa2bd-d208-49b8-bd03-b0d17909c849","value":null}
[debug] &amp#27;[35m[AndroidUiautomator2Driver@92b6 (a7325a4a)]&amp#27;[39m Responding to client with driver.click() result: null
&amp#27;[35m[HTTP]&amp#27;[39m &amp#27;[37m<-- POST /session/a7325a4a-9bc6-4008-ba53-93bda555d60b/element/00000000-0000-00c5-ffff-ffff0000001b/click &amp#27;[39m&amp#27;[32m200&amp#27;[39m &amp#27;[90m57 ms - 14&amp#27;[39m
&amp#27;[35m[HTTP]&amp#27;[39m &amp#27;[90m&amp#27;[39m
&amp#27;[35m[HTTP]&amp#27;[39m &amp#27;[37m-->&amp#27;[39m &amp#27;[37mPOST&amp#27;[39m &amp#27;[37m/session/a7325a4a-9bc6-4008-ba53-93bda555d60b/element&amp#27;[39m
&amp#27;[35m[HTTP]&amp#27;[39m &amp#27;[90m{"using":"-android uiautomator","value":"new UiScrollable(new UiSelector()).scrollIntoView(text(\"Argentina\"));"}&amp#27;[39m
[debug] &amp#27;[35m[AndroidUiautomator2Driver@92b6 (a7325a4a)]&amp#27;[39m Calling AppiumDriver.findElement() with args: ["-android uiautomator","new UiScrollable(new UiSelector()).scrollIntoView(text(\"Argentina\"));","a7325a4a-9bc6-4008-ba53-93bda555d60b"]
[debug] &amp#27;[35m[AndroidUiautomator2Driver@92b6 (a7325a4a)]&amp#27;[39m Valid locator strategies for this request: xpath, id, class name, accessibility id, css selector, -android uiautomator
[debug] &amp#27;[35m[AndroidUiautomator2Driver@92b6 (a7325a4a)]&amp#27;[39m Waiting up to 10000 ms for condition
[debug] &amp#27;[35m[AndroidUiautomator2Driver@92b6 (a7325a4a)]&amp#27;[39m Matched '/element' to command name 'findElement'
[debug] &amp#27;[35m[AndroidUiautomator2Driver@92b6 (a7325a4a)]&amp#27;[39m Proxying [POST /element] to [POST http://127.0.0.1:8211/session/fa4fa2bd-d208-49b8-bd03-b0d17909c849/element] with body: {"strategy":"-android uiautomator","selector":"new UiScrollable(new UiSelector()).scrollIntoView(text(\"Argentina\"));","context":"","multiple":false}
[debug] &amp#27;[35m[AndroidUiautomator2Driver@92b6 (a7325a4a)]&amp#27;[39m Got response with status 200: {"sessionId":"fa4fa2bd-d208-49b8-bd03-b0d17909c849","value":{"ELEMENT":"00000000-0000-00c6-ffff-ffff00000020","element-6066-11e4-a52e-4f735466cecf":"00000000-0000-00c6-ffff-ffff00000020"}}
[debug] &amp#27;[35m[AndroidUiautomator2Driver@92b6 (a7325a4a)]&amp#27;[39m Responding to client with driver.findElement() result: {"element-6066-11e4-a52e-4f735466cecf":"00000000-0000-00c6-ffff-ffff00000020","ELEMENT":"00000000-0000-00c6-ffff-ffff00000020"}
&amp#27;[35m[HTTP]&amp#27;[39m &amp#27;[37m<-- POST /session/a7325a4a-9bc6-4008-ba53-93bda555d60b/element &amp#27;[39m&amp#27;[32m200&amp#27;[39m &amp#27;[90m5079 ms - 137&amp#27;[39m
&amp#27;[35m[HTTP]&amp#27;[39m &amp#27;[90m&amp#27;[39m
&amp#27;[35m[HTTP]&amp#27;[39m &amp#27;[37m-->&amp#27;[39m &amp#27;[37mPOST&amp#27;[39m &amp#27;[37m/session/a7325a4a-9bc6-4008-ba53-93bda555d60b/element&amp#27;[39m
&amp#27;[35m[HTTP]&amp#27;[39m &amp#27;[90m{"using":"xpath","value":"//android.widget.TextView[@text='Argentina']"}&amp#27;[39m
[debug] &amp#27;[35m[AndroidUiautomator2Driver@92b6 (a7325a4a)]&amp#27;[39m Calling AppiumDriver.findElement() with args: ["xpath","//android.widget.TextView[@text='Argentina']","a7325a4a-9bc6-4008-ba53-93bda555d60b"]
[debug] &amp#27;[35m[AndroidUiautomator2Driver@92b6 (a7325a4a)]&amp#27;[39m Valid locator strategies for this request: xpath, id, class name, accessibility id, css selector, -android uiautomator
[debug] &amp#27;[35m[AndroidUiautomator2Driver@92b6 (a7325a4a)]&amp#27;[39m Waiting up to 10000 ms for condition
[debug] &amp#27;[35m[AndroidUiautomator2Driver@92b6 (a7325a4a)]&amp#27;[39m Matched '/element' to command name 'findElement'
[debug] &amp#27;[35m[AndroidUiautomator2Driver@92b6 (a7325a4a)]&amp#27;[39m Proxying [POST /element] to [POST http://127.0.0.1:8211/session/fa4fa2bd-d208-49b8-bd03-b0d17909c849/element] with body: {"strategy":"xpath","selector":"//android.widget.TextView[@text='Argentina']","context":"","multiple":false}
[debug] &amp#27;[35m[AndroidUiautomator2Driver@92b6 (a7325a4a)]&amp#27;[39m Got response with status 200: {"sessionId":"fa4fa2bd-d208-49b8-bd03-b0d17909c849","value":{"ELEMENT":"00000000-0000-00c6-ffff-ffff00000020","element-6066-11e4-a52e-4f735466cecf":"00000000-0000-00c6-ffff-ffff00000020"}}
[debug] &amp#27;[35m[AndroidUiautomator2Driver@92b6 (a7325a4a)]&amp#27;[39m Responding to client with driver.findElement() result: {"element-6066-11e4-a52e-4f735466cecf":"00000000-0000-00c6-ffff-ffff00000020","ELEMENT":"00000000-0000-00c6-ffff-ffff00000020"}
&amp#27;[35m[HTTP]&amp#27;[39m &amp#27;[37m<-- POST /session/a7325a4a-9bc6-4008-ba53-93bda555d60b/element &amp#27;[39m&amp#27;[32m200&amp#27;[39m &amp#27;[90m88 ms - 137&amp#27;[39m
&amp#27;[35m[HTTP]&amp#27;[39m &amp#27;[90m&amp#27;[39m
&amp#27;[35m[HTTP]&amp#27;[39m &amp#27;[37m-->&amp#27;[39m &amp#27;[37mPOST&amp#27;[39m &amp#27;[37m/session/a7325a4a-9bc6-4008-ba53-93bda555d60b/element/00000000-0000-00c6-ffff-ffff00000020/click&amp#27;[39m
&amp#27;[35m[HTTP]&amp#27;[39m &amp#27;[90m{"id":"00000000-0000-00c6-ffff-ffff00000020"}&amp#27;[39m
[debug] &amp#27;[35m[AndroidUiautomator2Driver@92b6 (a7325a4a)]&amp#27;[39m Calling AppiumDriver.click() with args: ["00000000-0000-00c6-ffff-ffff00000020","a7325a4a-9bc6-4008-ba53-93bda555d60b"]
[debug] &amp#27;[35m[AndroidUiautomator2Driver@92b6 (a7325a4a)]&amp#27;[39m Matched '/element/00000000-0000-00c6-ffff-ffff00000020/click' to command name 'click'
[debug] &amp#27;[35m[AndroidUiautomator2Driver@92b6 (a7325a4a)]&amp#27;[39m Proxying [POST /element/00000000-0000-00c6-ffff-ffff00000020/click] to [POST http://127.0.0.1:8211/session/fa4fa2bd-d208-49b8-bd03-b0d17909c849/element/00000000-0000-00c6-ffff-ffff00000020/click] with body: {"element":"00000000-0000-00c6-ffff-ffff00000020"}
[debug] &amp#27;[35m[AndroidUiautomator2Driver@92b6 (a7325a4a)]&amp#27;[39m Got response with status 200: {"sessionId":"fa4fa2bd-d208-49b8-bd03-b0d17909c849","value":null}
[debug] &amp#27;[35m[AndroidUiautomator2Driver@92b6 (a7325a4a)]&amp#27;[39m Responding to client with driver.click() result: null
&amp#27;[35m[HTTP]&amp#27;[39m &amp#27;[37m<-- POST /session/a7325a4a-9bc6-4008-ba53-93bda555d60b/element/00000000-0000-00c6-ffff-ffff00000020/click &amp#27;[39m&amp#27;[32m200&amp#27;[39m &amp#27;[90m680 ms - 14&amp#27;[39m
&amp#27;[35m[HTTP]&amp#27;[39m &amp#27;[90m&amp#27;[39m
&amp#27;[35m[HTTP]&amp#27;[39m &amp#27;[37m-->&amp#27;[39m &amp#27;[37mGET&amp#27;[39m &amp#27;[37m/session/a7325a4a-9bc6-4008-ba53-93bda555d60b/context&amp#27;[39m
&amp#27;[35m[HTTP]&amp#27;[39m &amp#27;[90m{}&amp#27;[39m
[debug] &amp#27;[35m[AndroidUiautomator2Driver@92b6 (a7325a4a)]&amp#27;[39m Calling AppiumDriver.getCurrentContext() with args: ["a7325a4a-9bc6-4008-ba53-93bda555d60b"]
[debug] &amp#27;[35m[AndroidUiautomator2Driver@92b6 (a7325a4a)]&amp#27;[39m Responding to client with driver.getCurrentContext() result: "NATIVE_APP"
&amp#27;[35m[HTTP]&amp#27;[39m &amp#27;[37m<-- GET /session/a7325a4a-9bc6-4008-ba53-93bda555d60b/context &amp#27;[39m&amp#27;[32m200&amp#27;[39m &amp#27;[90m3 ms - 22&amp#27;[39m
&amp#27;[35m[HTTP]&amp#27;[39m &amp#27;[90m&amp#27;[39m
&amp#27;[35m[HTTP]&amp#27;[39m &amp#27;[37m-->&amp#27;[39m &amp#27;[37mPOST&amp#27;[39m &amp#27;[37m/session/a7325a4a-9bc6-4008-ba53-93bda555d60b/element&amp#27;[39m
&amp#27;[35m[HTTP]&amp#27;[39m &amp#27;[90m{"using":"id","value":"com.androidsample.generalstore:id/btnLetsShop"}&amp#27;[39m
[debug] &amp#27;[35m[AndroidUiautomator2Driver@92b6 (a7325a4a)]&amp#27;[39m Calling AppiumDriver.findElement() with args: ["id","com.androidsample.generalstore:id/btnLetsShop","a7325a4a-9bc6-4008-ba53-93bda555d60b"]
[debug] &amp#27;[35m[AndroidUiautomator2Driver@92b6 (a7325a4a)]&amp#27;[39m Valid locator strategies for this request: xpath, id, class name, accessibility id, css selector, -android uiautomator
[debug] &amp#27;[35m[AndroidUiautomator2Driver@92b6 (a7325a4a)]&amp#27;[39m Waiting up to 10000 ms for condition
[debug] &amp#27;[35m[AndroidUiautomator2Driver@92b6 (a7325a4a)]&amp#27;[39m Matched '/element' to command name 'findElement'
[debug] &amp#27;[35m[AndroidUiautomator2Driver@92b6 (a7325a4a)]&amp#27;[39m Proxying [POST /element] to [POST http://127.0.0.1:8211/session/fa4fa2bd-d208-49b8-bd03-b0d17909c849/element] with body: {"strategy":"id","selector":"com.androidsample.generalstore:id/btnLetsShop","context":"","multiple":false}
[debug] &amp#27;[35m[AndroidUiautomator2Driver@92b6 (a7325a4a)]&amp#27;[39m Got response with status 200: {"sessionId":"fa4fa2bd-d208-49b8-bd03-b0d17909c849","value":{"ELEMENT":"00000000-0000-00c5-ffff-ffff00000018","element-6066-11e4-a52e-4f735466cecf":"00000000-0000-00c5-ffff-ffff00000018"}}
[debug] &amp#27;[35m[AndroidUiautomator2Driver@92b6 (a7325a4a)]&amp#27;[39m Responding to client with driver.findElement() result: {"element-6066-11e4-a52e-4f735466cecf":"00000000-0000-00c5-ffff-ffff00000018","ELEMENT":"00000000-0000-00c5-ffff-ffff00000018"}
&amp#27;[35m[HTTP]&amp#27;[39m &amp#27;[37m<-- POST /session/a7325a4a-9bc6-4008-ba53-93bda555d60b/element &amp#27;[39m&amp#27;[32m200&amp#27;[39m &amp#27;[90m19 ms - 137&amp#27;[39m
&amp#27;[35m[HTTP]&amp#27;[39m &amp#27;[90m&amp#27;[39m
&amp#27;[35m[HTTP]&amp#27;[39m &amp#27;[37m-->&amp#27;[39m &amp#27;[37mPOST&amp#27;[39m &amp#27;[37m/session/a7325a4a-9bc6-4008-ba53-93bda555d60b/element/00000000-0000-00c5-ffff-ffff00000018/click&amp#27;[39m
&amp#27;[35m[HTTP]&amp#27;[39m &amp#27;[90m{"id":"00000000-0000-00c5-ffff-ffff00000018"}&amp#27;[39m
[debug] &amp#27;[35m[AndroidUiautomator2Driver@92b6 (a7325a4a)]&amp#27;[39m Calling AppiumDriver.click() with args: ["00000000-0000-00c5-ffff-ffff00000018","a7325a4a-9bc6-4008-ba53-93bda555d60b"]
[debug] &amp#27;[35m[AndroidUiautomator2Driver@92b6 (a7325a4a)]&amp#27;[39m Matched '/element/00000000-0000-00c5-ffff-ffff00000018/click' to command name 'click'
[debug] &amp#27;[35m[AndroidUiautomator2Driver@92b6 (a7325a4a)]&amp#27;[39m Proxying [POST /element/00000000-0000-00c5-ffff-ffff00000018/click] to [POST http://127.0.0.1:8211/session/fa4fa2bd-d208-49b8-bd03-b0d17909c849/element/00000000-0000-00c5-ffff-ffff00000018/click] with body: {"element":"00000000-0000-00c5-ffff-ffff00000018"}
[debug] &amp#27;[35m[AndroidUiautomator2Driver@92b6 (a7325a4a)]&amp#27;[39m Got response with status 200: {"sessionId":"fa4fa2bd-d208-49b8-bd03-b0d17909c849","value":null}
[debug] &amp#27;[35m[AndroidUiautomator2Driver@92b6 (a7325a4a)]&amp#27;[39m Responding to client with driver.click() result: null
&amp#27;[35m[HTTP]&amp#27;[39m &amp#27;[37m<-- POST /session/a7325a4a-9bc6-4008-ba53-93bda555d60b/element/00000000-0000-00c5-ffff-ffff00000018/click &amp#27;[39m&amp#27;[32m200&amp#27;[39m &amp#27;[90m47 ms - 14&amp#27;[39m
&amp#27;[35m[HTTP]&amp#27;[39m &amp#27;[90m&amp#27;[39m
]]></system-out>
  </testcase>
</testsuite>