<?xml version="1.0" encoding="UTF-8"?>
<testng-results ignored="3" total="5" passed="2" failed="0" skipped="0">
  <reporter-output>
  </reporter-output>
  <suite started-at="2022-09-05T10:50:11Z" name="Suite" finished-at="2022-09-05T10:50:46Z" duration-ms="34642">
    <groups>
      <group name="smoke">
        <method signature="TC_01_Ecommerce.formFill(java.util.HashMap)[pri:0, instance:org.rahulAppium.testCase.TC_01_Ecommerce@30d4b288]" name="formFill" class="org.rahulAppium.testCase.TC_01_Ecommerce"/>
      </group> <!-- smoke -->
    </groups>
    <test started-at="2022-09-05T10:50:11Z" name="Test1234" finished-at="2022-09-05T10:50:46Z" duration-ms="34642">
      <class name="org.rahulAppium.testCase.TC_01_Ecommerce">
        <test-method is-config="true" signature="configureAppium()[pri:0, instance:org.rahulAppium.testCase.TC_01_Ecommerce@30d4b288]" started-at="2022-09-05T10:50:11Z" name="configureAppium" finished-at="2022-09-05T10:50:26Z" duration-ms="14980" status="PASS">
          <reporter-output>
          </reporter-output>
        </test-method> <!-- configureAppium -->
        <test-method signature="formFill(java.util.HashMap)[pri:0, instance:org.rahulAppium.testCase.TC_01_Ecommerce@30d4b288]" started-at="2022-09-05T10:50:27Z" name="formFill" data-provider="getData" finished-at="2022-09-05T10:50:37Z" duration-ms="9894" status="PASS">
          <params>
            <param index="0">
              <value>
                <![CDATA[{name=raushan, country=Argentina, gender=male}]]>
              </value>
            </param>
          </params>
          <reporter-output>
          </reporter-output>
        </test-method> <!-- formFill -->
        <test-method signature="formFill(java.util.HashMap)[pri:0, instance:org.rahulAppium.testCase.TC_01_Ecommerce@30d4b288]" started-at="2022-09-05T10:50:37Z" name="formFill" data-provider="getData" finished-at="2022-09-05T10:50:46Z" duration-ms="9335" status="PASS">
          <params>
            <param index="0">
              <value>
                <![CDATA[{name=rohit, country=Argentina, gender=female}]]>
              </value>
            </param>
          </params>
          <reporter-output>
          </reporter-output>
        </test-method> <!-- formFill -->
        <test-method is-config="true" signature="tearDown()[pri:0, instance:org.rahulAppium.testCase.TC_01_Ecommerce@30d4b288]" started-at="2022-09-05T10:50:46Z" name="tearDown" finished-at="2022-09-05T10:50:46Z" duration-ms="65" status="PASS">
          <reporter-output>
          </reporter-output>
        </test-method> <!-- tearDown -->
      </class> <!-- org.rahulAppium.testCase.TC_01_Ecommerce -->
    </test> <!-- Test1234 -->
  </suite> <!-- Suite -->
</testng-results>
